{"/home/travis/build/npmtest/node-npmtest-homebridge-plugin-chromecast/test.js":{"path":"/home/travis/build/npmtest/node-npmtest-homebridge-plugin-chromecast/test.js","s":{"1":2,"2":2,"3":2,"4":2,"5":2,"6":2,"7":2,"8":1,"9":2,"10":2,"11":1,"12":1,"13":1,"14":1,"15":2,"16":2,"17":2,"18":2,"19":1,"20":1,"21":2,"22":2,"23":2,"24":1,"25":1,"26":1,"27":1,"28":1,"29":1,"30":1,"31":1,"32":1,"33":1,"34":1,"35":1,"36":1,"37":1,"38":1,"39":2,"40":2,"41":1,"42":2,"43":2,"44":1,"45":2,"46":2,"47":1,"48":2,"49":2,"50":1,"51":1,"52":1,"53":1,"54":1},"b":{"1":[2,1,1,1],"2":[1,1,1,1],"3":[1,1],"4":[1,1],"5":[1,1],"6":[1,1],"7":[1,1],"8":[1,1],"9":[1,1],"10":[1,1,1],"11":[1,1],"12":[1,1],"13":[1,1],"14":[1,1],"15":[1,1],"16":[1,1],"17":[1,1]},"f":{"1":2,"2":2,"3":2,"4":2,"5":2,"6":1,"7":1,"8":1,"9":2,"10":2,"11":2,"12":2,"13":1},"fnMap":{"1":{"name":"(anonymous_1)","line":12,"loc":{"start":{"line":12,"column":1},"end":{"line":12,"column":13}}},"2":{"name":"(anonymous_2)","line":19,"loc":{"start":{"line":19,"column":5},"end":{"line":19,"column":17}}},"3":{"name":"(anonymous_3)","line":23,"loc":{"start":{"line":23,"column":24},"end":{"line":23,"column":36}}},"4":{"name":"(anonymous_4)","line":61,"loc":{"start":{"line":61,"column":5},"end":{"line":61,"column":17}}},"5":{"name":"(anonymous_5)","line":82,"loc":{"start":{"line":82,"column":5},"end":{"line":82,"column":17}}},"6":{"name":"(anonymous_6)","line":91,"loc":{"start":{"line":91,"column":77},"end":{"line":94,"column":10}}},"7":{"name":"(anonymous_7)","line":112,"loc":{"start":{"line":112,"column":83},"end":{"line":115,"column":10}},"skip":true},"8":{"name":"(anonymous_8)","line":123,"loc":{"start":{"line":123,"column":77},"end":{"line":126,"column":10}},"skip":true},"9":{"name":"(anonymous_9)","line":139,"loc":{"start":{"line":139,"column":12},"end":{"line":139,"column":40}},"skip":true},"10":{"name":"(anonymous_10)","line":147,"loc":{"start":{"line":147,"column":77},"end":{"line":150,"column":10}},"skip":true},"11":{"name":"(anonymous_11)","line":158,"loc":{"start":{"line":158,"column":83},"end":{"line":161,"column":10}},"skip":true},"12":{"name":"(anonymous_12)","line":169,"loc":{"start":{"line":169,"column":79},"end":{"line":172,"column":10}},"skip":true},"13":{"name":"(anonymous_13)","line":180,"loc":{"start":{"line":180,"column":75},"end":{"line":183,"column":10}},"skip":true}},"statementMap":{"1":{"start":{"line":12,"column":0},"end":{"line":195,"column":5}},"2":{"start":{"line":14,"column":4},"end":{"line":14,"column":14}},"3":{"start":{"line":19,"column":4},"end":{"line":56,"column":9}},"4":{"start":{"line":21,"column":8},"end":{"line":21,"column":19}},"5":{"start":{"line":23,"column":8},"end":{"line":35,"column":13}},"6":{"start":{"line":24,"column":12},"end":{"line":34,"column":13}},"7":{"start":{"line":25,"column":16},"end":{"line":28,"column":30}},"8":{"start":{"line":30,"column":16},"end":{"line":33,"column":27}},"9":{"start":{"line":37,"column":8},"end":{"line":39,"column":21}},"10":{"start":{"line":40,"column":8},"end":{"line":53,"column":9}},"11":{"start":{"line":43,"column":12},"end":{"line":46,"column":14}},"12":{"start":{"line":47,"column":12},"end":{"line":47,"column":18}},"13":{"start":{"line":50,"column":12},"end":{"line":51,"column":46}},"14":{"start":{"line":52,"column":12},"end":{"line":52,"column":18}},"15":{"start":{"line":55,"column":8},"end":{"line":55,"column":35}},"16":{"start":{"line":61,"column":4},"end":{"line":63,"column":9}},"17":{"start":{"line":62,"column":8},"end":{"line":62,"column":15}},"18":{"start":{"line":64,"column":4},"end":{"line":77,"column":5}},"19":{"start":{"line":70,"column":8},"end":{"line":70,"column":14}},"20":{"start":{"line":76,"column":8},"end":{"line":76,"column":14}},"21":{"start":{"line":82,"column":4},"end":{"line":84,"column":9}},"22":{"start":{"line":83,"column":8},"end":{"line":83,"column":15}},"23":{"start":{"line":85,"column":4},"end":{"line":194,"column":5}},"24":{"start":{"line":91,"column":8},"end":{"line":99,"column":10}},"25":{"start":{"line":98,"column":12},"end":{"line":98,"column":35}},"26":{"start":{"line":102,"column":8},"end":{"line":104,"column":63}},"27":{"start":{"line":105,"column":8},"end":{"line":105,"column":14}},"28":{"start":{"line":112,"column":8},"end":{"line":121,"column":10},"skip":true},"29":{"start":{"line":119,"column":12},"end":{"line":119,"column":55},"skip":true},"30":{"start":{"line":120,"column":12},"end":{"line":120,"column":48},"skip":true},"31":{"start":{"line":123,"column":8},"end":{"line":136,"column":10},"skip":true},"32":{"start":{"line":130,"column":12},"end":{"line":130,"column":76},"skip":true},"33":{"start":{"line":131,"column":12},"end":{"line":131,"column":73},"skip":true},"34":{"start":{"line":132,"column":12},"end":{"line":132,"column":74},"skip":true},"35":{"start":{"line":133,"column":12},"end":{"line":133,"column":79},"skip":true},"36":{"start":{"line":134,"column":12},"end":{"line":134,"column":25},"skip":true},"37":{"start":{"line":135,"column":12},"end":{"line":135,"column":45},"skip":true},"38":{"start":{"line":138,"column":8},"end":{"line":145,"column":14},"skip":true},"39":{"start":{"line":143,"column":16},"end":{"line":143,"column":29},"skip":true},"40":{"start":{"line":144,"column":16},"end":{"line":144,"column":55},"skip":true},"41":{"start":{"line":147,"column":8},"end":{"line":156,"column":10},"skip":true},"42":{"start":{"line":154,"column":12},"end":{"line":154,"column":25},"skip":true},"43":{"start":{"line":155,"column":12},"end":{"line":155,"column":45},"skip":true},"44":{"start":{"line":158,"column":8},"end":{"line":167,"column":10},"skip":true},"45":{"start":{"line":165,"column":12},"end":{"line":165,"column":25},"skip":true},"46":{"start":{"line":166,"column":12},"end":{"line":166,"column":48},"skip":true},"47":{"start":{"line":169,"column":8},"end":{"line":178,"column":10},"skip":true},"48":{"start":{"line":176,"column":12},"end":{"line":176,"column":25},"skip":true},"49":{"start":{"line":177,"column":12},"end":{"line":177,"column":46},"skip":true},"50":{"start":{"line":180,"column":8},"end":{"line":189,"column":10},"skip":true},"51":{"start":{"line":187,"column":12},"end":{"line":187,"column":94},"skip":true},"52":{"start":{"line":188,"column":12},"end":{"line":188,"column":48},"skip":true},"53":{"start":{"line":192,"column":8},"end":{"line":192,"column":35},"skip":true},"54":{"start":{"line":193,"column":8},"end":{"line":193,"column":14},"skip":true}},"branchMap":{"1":{"line":25,"type":"binary-expr","locations":[{"start":{"line":25,"column":23},"end":{"line":25,"column":62}},{"start":{"line":26,"column":20},"end":{"line":26,"column":70}},{"start":{"line":27,"column":20},"end":{"line":27,"column":71}},{"start":{"line":28,"column":20},"end":{"line":28,"column":29}}]},"2":{"line":30,"type":"binary-expr","locations":[{"start":{"line":30,"column":23},"end":{"line":30,"column":37}},{"start":{"line":31,"column":20},"end":{"line":31,"column":61}},{"start":{"line":32,"column":20},"end":{"line":32,"column":70}},{"start":{"line":33,"column":20},"end":{"line":33,"column":26}}]},"3":{"line":37,"type":"cond-expr","locations":[{"start":{"line":38,"column":14},"end":{"line":38,"column":20}},{"start":{"line":39,"column":14},"end":{"line":39,"column":20}}]},"4":{"line":40,"type":"switch","locations":[{"start":{"line":42,"column":8},"end":{"line":47,"column":18}},{"start":{"line":49,"column":8},"end":{"line":52,"column":18}}]},"5":{"line":44,"type":"binary-expr","locations":[{"start":{"line":44,"column":16},"end":{"line":44,"column":44}},{"start":{"line":44,"column":48},"end":{"line":44,"column":66}}]},"6":{"line":50,"type":"binary-expr","locations":[{"start":{"line":50,"column":21},"end":{"line":50,"column":49}},{"start":{"line":50,"column":53},"end":{"line":50,"column":72}}]},"7":{"line":64,"type":"switch","locations":[{"start":{"line":69,"column":4},"end":{"line":70,"column":14}},{"start":{"line":75,"column":4},"end":{"line":76,"column":14}}]},"8":{"line":85,"type":"switch","locations":[{"start":{"line":90,"column":4},"end":{"line":105,"column":14}},{"start":{"line":111,"column":4},"end":{"line":193,"column":14},"skip":true}]},"9":{"line":91,"type":"binary-expr","locations":[{"start":{"line":91,"column":42},"end":{"line":91,"column":73}},{"start":{"line":91,"column":77},"end":{"line":99,"column":9}}]},"10":{"line":102,"type":"binary-expr","locations":[{"start":{"line":102,"column":18},"end":{"line":102,"column":32}},{"start":{"line":103,"column":12},"end":{"line":103,"column":53}},{"start":{"line":104,"column":12},"end":{"line":104,"column":61}}]},"11":{"line":112,"type":"binary-expr","locations":[{"start":{"line":112,"column":45},"end":{"line":112,"column":79},"skip":true},{"start":{"line":112,"column":83},"end":{"line":121,"column":9},"skip":true}]},"12":{"line":123,"type":"binary-expr","locations":[{"start":{"line":123,"column":42},"end":{"line":123,"column":73},"skip":true},{"start":{"line":123,"column":77},"end":{"line":136,"column":9},"skip":true}]},"13":{"line":138,"type":"binary-expr","locations":[{"start":{"line":138,"column":48},"end":{"line":138,"column":85},"skip":true},{"start":{"line":139,"column":12},"end":{"line":145,"column":13},"skip":true}]},"14":{"line":147,"type":"binary-expr","locations":[{"start":{"line":147,"column":42},"end":{"line":147,"column":73},"skip":true},{"start":{"line":147,"column":77},"end":{"line":156,"column":9},"skip":true}]},"15":{"line":158,"type":"binary-expr","locations":[{"start":{"line":158,"column":45},"end":{"line":158,"column":79},"skip":true},{"start":{"line":158,"column":83},"end":{"line":167,"column":9},"skip":true}]},"16":{"line":169,"type":"binary-expr","locations":[{"start":{"line":169,"column":43},"end":{"line":169,"column":75},"skip":true},{"start":{"line":169,"column":79},"end":{"line":178,"column":9},"skip":true}]},"17":{"line":180,"type":"binary-expr","locations":[{"start":{"line":180,"column":41},"end":{"line":180,"column":71},"skip":true},{"start":{"line":180,"column":75},"end":{"line":189,"column":9},"skip":true}]}},"code":["/* istanbul instrument in package npmtest_homebridge_plugin_chromecast */","/*jslint","    bitwise: true,","    browser: true,","    maxerr: 8,","    maxlen: 96,","    node: true,","    nomen: true,","    regexp: true,","    stupid: true","*/","(function () {","    'use strict';","    var local;","","","","    // run shared js-env code - pre-init","    (function () {","        // init local","        local = {};","        // init modeJs","        local.modeJs = (function () {","            try {","                return typeof navigator.userAgent === 'string' &&","                    typeof document.querySelector('body') === 'object' &&","                    typeof XMLHttpRequest.prototype.open === 'function' &&","                    'browser';","            } catch (errorCaughtBrowser) {","                return module.exports &&","                    typeof process.versions.node === 'string' &&","                    typeof require('http').createServer === 'function' &&","                    'node';","            }","        }());","        // init global","        local.global = local.modeJs === 'browser'","            ? window","            : global;","        switch (local.modeJs) {","        // re-init local from window.local","        case 'browser':","            local = local.global.utility2.objectSetDefault(","                local.global.utility2_rollup || local.global.local,","                local.global.utility2","            );","            break;","        // re-init local from example.js","        case 'node':","            local = (local.global.utility2_rollup || require('utility2'))","                .requireExampleJsFromReadme();","            break;","        }","        // export local","        local.global.local = local;","    }());","","","","    // run shared js-env code - function","    (function () {","        return;","    }());","    switch (local.modeJs) {","","","","    // run browser js-env code - function","    case 'browser':","        break;","","","","    // run node js-env code - function","    case 'node':","        break;","    }","","","","    // run shared js-env code - post-init","    (function () {","        return;","    }());","    switch (local.modeJs) {","","","","    // run browser js-env code - post-init","    case 'browser':","        local.testCase_browser_nullCase = local.testCase_browser_nullCase || function (","            options,","            onError","        ) {","        /*","         * this function will test browsers's null-case handling-behavior-behavior","         */","            onError(null, options);","        };","","        // run tests","        local.nop(local.modeTest &&","            document.querySelector('#testRunButton1') &&","            document.querySelector('#testRunButton1').click());","        break;","","","","    // run node js-env code - post-init","    /* istanbul ignore next */","    case 'node':","        local.testCase_buildApidoc_default = local.testCase_buildApidoc_default || function (","            options,","            onError","        ) {","        /*","         * this function will test buildApidoc's default handling-behavior-behavior","         */","            options = { modulePathList: module.paths };","            local.buildApidoc(options, onError);","        };","","        local.testCase_buildApp_default = local.testCase_buildApp_default || function (","            options,","            onError","        ) {","        /*","         * this function will test buildApp's default handling-behavior-behavior","         */","            local.testCase_buildReadme_default(options, local.onErrorThrow);","            local.testCase_buildLib_default(options, local.onErrorThrow);","            local.testCase_buildTest_default(options, local.onErrorThrow);","            local.testCase_buildCustomOrg_default(options, local.onErrorThrow);","            options = [];","            local.buildApp(options, onError);","        };","","        local.testCase_buildCustomOrg_default = local.testCase_buildCustomOrg_default ||","            function (options, onError) {","            /*","             * this function will test buildCustomOrg's default handling-behavior","             */","                options = {};","                local.buildCustomOrg(options, onError);","            };","","        local.testCase_buildLib_default = local.testCase_buildLib_default || function (","            options,","            onError","        ) {","        /*","         * this function will test buildLib's default handling-behavior","         */","            options = {};","            local.buildLib(options, onError);","        };","","        local.testCase_buildReadme_default = local.testCase_buildReadme_default || function (","            options,","            onError","        ) {","        /*","         * this function will test buildReadme's default handling-behavior-behavior","         */","            options = {};","            local.buildReadme(options, onError);","        };","","        local.testCase_buildTest_default = local.testCase_buildTest_default || function (","            options,","            onError","        ) {","        /*","         * this function will test buildTest's default handling-behavior","         */","            options = {};","            local.buildTest(options, onError);","        };","","        local.testCase_webpage_default = local.testCase_webpage_default || function (","            options,","            onError","        ) {","        /*","         * this function will test webpage's default handling-behavior","         */","            options = { modeCoverageMerge: true, url: local.serverLocalHost + '?modeTest=1' };","            local.browserTest(options, onError);","        };","","        // run test-server","        local.testRunServer(local);","        break;","    }","}());",""],"l":{"12":2,"14":2,"19":2,"21":2,"23":2,"24":2,"25":2,"30":1,"37":2,"40":2,"43":1,"47":1,"50":1,"52":1,"55":2,"61":2,"62":2,"64":2,"70":1,"76":1,"82":2,"83":2,"85":2,"91":1,"98":1,"102":1,"105":1,"112":1,"119":1,"120":1,"123":1,"130":1,"131":1,"132":1,"133":1,"134":1,"135":1,"138":1,"143":2,"144":2,"147":1,"154":2,"155":2,"158":1,"165":2,"166":2,"169":1,"176":2,"177":2,"180":1,"187":1,"188":1,"192":1,"193":1}},"/home/travis/build/npmtest/node-npmtest-homebridge-plugin-chromecast/lib.npmtest_homebridge_plugin_chromecast.js":{"path":"/home/travis/build/npmtest/node-npmtest-homebridge-plugin-chromecast/lib.npmtest_homebridge_plugin_chromecast.js","s":{"1":2,"2":2,"3":2,"4":2,"5":2,"6":2,"7":2,"8":1,"9":2,"10":2,"11":2,"12":2,"13":1,"14":1,"15":1,"16":1},"b":{"1":[2,1,1,1],"2":[1,1,1,1],"3":[1,1],"4":[2,2],"5":[1,1]},"f":{"1":2,"2":2,"3":2},"fnMap":{"1":{"name":"(anonymous_1)","line":12,"loc":{"start":{"line":12,"column":1},"end":{"line":12,"column":13}}},"2":{"name":"(anonymous_2)","line":19,"loc":{"start":{"line":19,"column":5},"end":{"line":19,"column":17}}},"3":{"name":"(anonymous_3)","line":23,"loc":{"start":{"line":23,"column":24},"end":{"line":23,"column":36}}}},"statementMap":{"1":{"start":{"line":12,"column":0},"end":{"line":53,"column":5}},"2":{"start":{"line":14,"column":4},"end":{"line":14,"column":14}},"3":{"start":{"line":19,"column":4},"end":{"line":52,"column":9}},"4":{"start":{"line":21,"column":8},"end":{"line":21,"column":19}},"5":{"start":{"line":23,"column":8},"end":{"line":35,"column":13}},"6":{"start":{"line":24,"column":12},"end":{"line":34,"column":13}},"7":{"start":{"line":25,"column":16},"end":{"line":28,"column":30}},"8":{"start":{"line":30,"column":16},"end":{"line":33,"column":27}},"9":{"start":{"line":37,"column":8},"end":{"line":39,"column":21}},"10":{"start":{"line":41,"column":8},"end":{"line":41,"column":54}},"11":{"start":{"line":43,"column":8},"end":{"line":43,"column":73}},"12":{"start":{"line":45,"column":8},"end":{"line":51,"column":9}},"13":{"start":{"line":46,"column":12},"end":{"line":46,"column":79}},"14":{"start":{"line":48,"column":12},"end":{"line":48,"column":35}},"15":{"start":{"line":49,"column":12},"end":{"line":49,"column":49}},"16":{"start":{"line":50,"column":12},"end":{"line":50,"column":43}}},"branchMap":{"1":{"line":25,"type":"binary-expr","locations":[{"start":{"line":25,"column":23},"end":{"line":25,"column":62}},{"start":{"line":26,"column":20},"end":{"line":26,"column":70}},{"start":{"line":27,"column":20},"end":{"line":27,"column":71}},{"start":{"line":28,"column":20},"end":{"line":28,"column":29}}]},"2":{"line":30,"type":"binary-expr","locations":[{"start":{"line":30,"column":23},"end":{"line":30,"column":37}},{"start":{"line":31,"column":20},"end":{"line":31,"column":61}},{"start":{"line":32,"column":20},"end":{"line":32,"column":70}},{"start":{"line":33,"column":20},"end":{"line":33,"column":26}}]},"3":{"line":37,"type":"cond-expr","locations":[{"start":{"line":38,"column":14},"end":{"line":38,"column":20}},{"start":{"line":39,"column":14},"end":{"line":39,"column":20}}]},"4":{"line":41,"type":"binary-expr","locations":[{"start":{"line":41,"column":16},"end":{"line":41,"column":44}},{"start":{"line":41,"column":48},"end":{"line":41,"column":53}}]},"5":{"line":45,"type":"if","locations":[{"start":{"line":45,"column":8},"end":{"line":45,"column":8}},{"start":{"line":45,"column":8},"end":{"line":45,"column":8}}]}},"code":["/* istanbul instrument in package npmtest_homebridge_plugin_chromecast */","/*jslint","    bitwise: true,","    browser: true,","    maxerr: 8,","    maxlen: 96,","    node: true,","    nomen: true,","    regexp: true,","    stupid: true","*/","(function () {","    'use strict';","    var local;","","","","    // run shared js-env code - pre-init","    (function () {","        // init local","        local = {};","        // init modeJs","        local.modeJs = (function () {","            try {","                return typeof navigator.userAgent === 'string' &&","                    typeof document.querySelector('body') === 'object' &&","                    typeof XMLHttpRequest.prototype.open === 'function' &&","                    'browser';","            } catch (errorCaughtBrowser) {","                return module.exports &&","                    typeof process.versions.node === 'string' &&","                    typeof require('http').createServer === 'function' &&","                    'node';","            }","        }());","        // init global","        local.global = local.modeJs === 'browser'","            ? window","            : global;","        // init utility2_rollup","        local = local.global.utility2_rollup || local;","        // init lib","        local.local = local.npmtest_homebridge_plugin_chromecast = local;","        // init exports","        if (local.modeJs === 'browser') {","            local.global.utility2_npmtest_homebridge_plugin_chromecast = local;","        } else {","            module.exports = local;","            module.exports.__dirname = __dirname;","            module.exports.module = module;","        }","    }());","}());",""],"l":{"12":2,"14":2,"19":2,"21":2,"23":2,"24":2,"25":2,"30":1,"37":2,"41":2,"43":2,"45":2,"46":1,"48":1,"49":1,"50":1}},"/home/travis/build/npmtest/node-npmtest-homebridge-plugin-chromecast/example.js":{"path":"/home/travis/build/npmtest/node-npmtest-homebridge-plugin-chromecast/example.js","s":{"1":2,"2":2,"3":2,"4":2,"5":2,"6":2,"7":2,"8":1,"9":2,"10":2,"11":2,"12":2,"13":1,"14":2,"15":2,"16":2,"17":2,"18":2,"19":0,"20":2,"21":1,"22":1,"23":1,"24":1,"25":1,"26":0,"27":0,"28":1,"29":1,"30":2,"31":0,"32":0,"33":0,"34":1,"35":2,"36":2,"37":3,"38":3,"39":3,"40":3,"41":0,"42":3,"43":3,"44":3,"45":1,"46":3,"47":1,"48":1,"49":1,"50":1,"51":1,"52":1,"53":1,"54":1,"55":1,"56":1,"57":0,"58":1,"59":6,"60":6,"61":1,"62":2,"63":0,"64":2,"65":1,"66":1,"67":0,"68":0,"69":0,"70":0,"71":0,"72":0,"73":0,"74":0,"75":0,"76":0,"77":0,"78":0,"79":0,"80":0,"81":0,"82":0,"83":0},"b":{"1":[2,1,1,1],"2":[1,1,1,1],"3":[1,1],"4":[2,2],"5":[1,1],"6":[1,1],"7":[2,0],"8":[2,1,1,1,1,1],"9":[0,2,0],"10":[1,1],"11":[2,1,1],"12":[1,0],"13":[0,2],"14":[2,0,0,0,0,0,0],"15":[0,3],"16":[3,0],"17":[1,1],"18":[0,1],"19":[1,2,0,2],"20":[1,0],"21":[1,1],"22":[0,0],"23":[0,0],"24":[0,0],"25":[0,0],"26":[0,0],"27":[0,0],"28":[0,0]},"f":{"1":2,"2":2,"3":2,"4":2,"5":2,"6":2,"7":3,"8":3,"9":3,"10":1,"11":6,"12":0},"fnMap":{"1":{"name":"(anonymous_1)","line":26,"loc":{"start":{"line":26,"column":1},"end":{"line":26,"column":13}}},"2":{"name":"(anonymous_2)","line":33,"loc":{"start":{"line":33,"column":5},"end":{"line":33,"column":17}}},"3":{"name":"(anonymous_3)","line":37,"loc":{"start":{"line":37,"column":24},"end":{"line":37,"column":36}}},"4":{"name":"(anonymous_4)","line":69,"loc":{"start":{"line":69,"column":31},"end":{"line":69,"column":48}},"skip":true},"5":{"name":"(anonymous_5)","line":78,"loc":{"start":{"line":78,"column":26},"end":{"line":78,"column":45}},"skip":true},"6":{"name":"(anonymous_6)","line":123,"loc":{"start":{"line":123,"column":33},"end":{"line":123,"column":48}},"skip":true},"7":{"name":"(anonymous_7)","line":125,"loc":{"start":{"line":125,"column":27},"end":{"line":125,"column":39}},"skip":true},"8":{"name":"(anonymous_8)","line":133,"loc":{"start":{"line":133,"column":59},"end":{"line":133,"column":74}},"skip":true},"9":{"name":"(anonymous_9)","line":143,"loc":{"start":{"line":143,"column":45},"end":{"line":143,"column":62}},"skip":true},"10":{"name":"(anonymous_10)","line":144,"loc":{"start":{"line":144,"column":73},"end":{"line":144,"column":92}},"skip":true},"11":{"name":"(anonymous_11)","line":272,"loc":{"start":{"line":272,"column":51},"end":{"line":272,"column":77}},"skip":true},"12":{"name":"(anonymous_12)","line":315,"loc":{"start":{"line":315,"column":32},"end":{"line":315,"column":61}},"skip":true}},"statementMap":{"1":{"start":{"line":26,"column":0},"end":{"line":326,"column":5}},"2":{"start":{"line":28,"column":4},"end":{"line":28,"column":14}},"3":{"start":{"line":33,"column":4},"end":{"line":60,"column":9}},"4":{"start":{"line":35,"column":8},"end":{"line":35,"column":19}},"5":{"start":{"line":37,"column":8},"end":{"line":49,"column":13}},"6":{"start":{"line":38,"column":12},"end":{"line":48,"column":13}},"7":{"start":{"line":39,"column":16},"end":{"line":42,"column":30}},"8":{"start":{"line":44,"column":16},"end":{"line":47,"column":27}},"9":{"start":{"line":51,"column":8},"end":{"line":53,"column":21}},"10":{"start":{"line":55,"column":8},"end":{"line":57,"column":45}},"11":{"start":{"line":59,"column":8},"end":{"line":59,"column":35}},"12":{"start":{"line":61,"column":4},"end":{"line":325,"column":5}},"13":{"start":{"line":69,"column":8},"end":{"line":121,"column":10},"skip":true},"14":{"start":{"line":70,"column":12},"end":{"line":88,"column":13},"skip":true},"15":{"start":{"line":76,"column":16},"end":{"line":87,"column":19},"skip":true},"16":{"start":{"line":79,"column":20},"end":{"line":86,"column":21},"skip":true},"17":{"start":{"line":82,"column":24},"end":{"line":82,"column":43},"skip":true},"18":{"start":{"line":83,"column":24},"end":{"line":83,"column":30},"skip":true},"19":{"start":{"line":85,"column":24},"end":{"line":85,"column":49},"skip":true},"20":{"start":{"line":89,"column":12},"end":{"line":107,"column":13},"skip":true},"21":{"start":{"line":92,"column":16},"end":{"line":102,"column":17},"skip":true},"22":{"start":{"line":93,"column":20},"end":{"line":93,"column":86},"skip":true},"23":{"start":{"line":94,"column":20},"end":{"line":95,"column":45},"skip":true},"24":{"start":{"line":96,"column":20},"end":{"line":96,"column":42},"skip":true},"25":{"start":{"line":97,"column":20},"end":{"line":97,"column":48},"skip":true},"26":{"start":{"line":100,"column":20},"end":{"line":100,"column":85},"skip":true},"27":{"start":{"line":101,"column":20},"end":{"line":101,"column":96},"skip":true},"28":{"start":{"line":103,"column":16},"end":{"line":103,"column":22},"skip":true},"29":{"start":{"line":106,"column":16},"end":{"line":106,"column":22},"skip":true},"30":{"start":{"line":108,"column":12},"end":{"line":120,"column":13},"skip":true},"31":{"start":{"line":114,"column":16},"end":{"line":119,"column":17},"skip":true},"32":{"start":{"line":116,"column":20},"end":{"line":116,"column":78},"skip":true},"33":{"start":{"line":118,"column":20},"end":{"line":118,"column":47},"skip":true},"34":{"start":{"line":123,"column":8},"end":{"line":141,"column":11},"skip":true},"35":{"start":{"line":124,"column":12},"end":{"line":124,"column":54},"skip":true},"36":{"start":{"line":125,"column":12},"end":{"line":140,"column":14},"skip":true},"37":{"start":{"line":126,"column":16},"end":{"line":126,"column":28},"skip":true},"38":{"start":{"line":127,"column":16},"end":{"line":127,"column":69},"skip":true},"39":{"start":{"line":128,"column":16},"end":{"line":128,"column":75},"skip":true},"40":{"start":{"line":129,"column":16},"end":{"line":131,"column":17},"skip":true},"41":{"start":{"line":130,"column":20},"end":{"line":130,"column":27},"skip":true},"42":{"start":{"line":133,"column":16},"end":{"line":137,"column":36},"skip":true},"43":{"start":{"line":134,"column":20},"end":{"line":136,"column":55},"skip":true},"44":{"start":{"line":139,"column":16},"end":{"line":139,"column":57},"skip":true},"45":{"start":{"line":143,"column":8},"end":{"line":147,"column":11},"skip":true},"46":{"start":{"line":144,"column":12},"end":{"line":146,"column":15},"skip":true},"47":{"start":{"line":145,"column":16},"end":{"line":145,"column":70},"skip":true},"48":{"start":{"line":149,"column":8},"end":{"line":149,"column":31},"skip":true},"49":{"start":{"line":150,"column":8},"end":{"line":150,"column":14},"skip":true},"50":{"start":{"line":158,"column":8},"end":{"line":158,"column":31},"skip":true},"51":{"start":{"line":160,"column":8},"end":{"line":160,"column":33},"skip":true},"52":{"start":{"line":161,"column":8},"end":{"line":161,"column":37},"skip":true},"53":{"start":{"line":162,"column":8},"end":{"line":162,"column":35},"skip":true},"54":{"start":{"line":164,"column":8},"end":{"line":164,"column":50},"skip":true},"55":{"start":{"line":166,"column":8},"end":{"line":256,"column":2},"skip":true},"56":{"start":{"line":258,"column":8},"end":{"line":286,"column":9},"skip":true},"57":{"start":{"line":259,"column":12},"end":{"line":269,"column":14},"skip":true},"58":{"start":{"line":271,"column":12},"end":{"line":285,"column":19},"skip":true},"59":{"start":{"line":274,"column":20},"end":{"line":274,"column":35},"skip":true},"60":{"start":{"line":275,"column":20},"end":{"line":284,"column":21},"skip":true},"61":{"start":{"line":277,"column":24},"end":{"line":277,"column":64},"skip":true},"62":{"start":{"line":279,"column":24},"end":{"line":279,"column":40},"skip":true},"63":{"start":{"line":281,"column":24},"end":{"line":281,"column":40},"skip":true},"64":{"start":{"line":283,"column":24},"end":{"line":283,"column":39},"skip":true},"65":{"start":{"line":288,"column":8},"end":{"line":290,"column":9},"skip":true},"66":{"start":{"line":289,"column":12},"end":{"line":289,"column":18},"skip":true},"67":{"start":{"line":291,"column":8},"end":{"line":293,"column":54},"skip":true},"68":{"start":{"line":296,"column":8},"end":{"line":301,"column":37},"skip":true},"69":{"start":{"line":303,"column":8},"end":{"line":303,"column":82},"skip":true},"70":{"start":{"line":306,"column":8},"end":{"line":308,"column":9},"skip":true},"71":{"start":{"line":307,"column":12},"end":{"line":307,"column":82},"skip":true},"72":{"start":{"line":310,"column":8},"end":{"line":312,"column":9},"skip":true},"73":{"start":{"line":311,"column":12},"end":{"line":311,"column":18},"skip":true},"74":{"start":{"line":313,"column":8},"end":{"line":313,"column":54},"skip":true},"75":{"start":{"line":314,"column":8},"end":{"line":314,"column":69},"skip":true},"76":{"start":{"line":315,"column":8},"end":{"line":323,"column":36},"skip":true},"77":{"start":{"line":316,"column":12},"end":{"line":316,"column":61},"skip":true},"78":{"start":{"line":317,"column":12},"end":{"line":320,"column":13},"skip":true},"79":{"start":{"line":318,"column":16},"end":{"line":318,"column":75},"skip":true},"80":{"start":{"line":319,"column":16},"end":{"line":319,"column":23},"skip":true},"81":{"start":{"line":321,"column":12},"end":{"line":321,"column":38},"skip":true},"82":{"start":{"line":322,"column":12},"end":{"line":322,"column":27},"skip":true},"83":{"start":{"line":324,"column":8},"end":{"line":324,"column":14},"skip":true}},"branchMap":{"1":{"line":39,"type":"binary-expr","locations":[{"start":{"line":39,"column":23},"end":{"line":39,"column":62}},{"start":{"line":40,"column":20},"end":{"line":40,"column":70}},{"start":{"line":41,"column":20},"end":{"line":41,"column":71}},{"start":{"line":42,"column":20},"end":{"line":42,"column":29}}]},"2":{"line":44,"type":"binary-expr","locations":[{"start":{"line":44,"column":23},"end":{"line":44,"column":37}},{"start":{"line":45,"column":20},"end":{"line":45,"column":61}},{"start":{"line":46,"column":20},"end":{"line":46,"column":70}},{"start":{"line":47,"column":20},"end":{"line":47,"column":26}}]},"3":{"line":51,"type":"cond-expr","locations":[{"start":{"line":52,"column":14},"end":{"line":52,"column":20}},{"start":{"line":53,"column":14},"end":{"line":53,"column":20}}]},"4":{"line":55,"type":"binary-expr","locations":[{"start":{"line":55,"column":16},"end":{"line":55,"column":44}},{"start":{"line":55,"column":49},"end":{"line":57,"column":43}}]},"5":{"line":55,"type":"cond-expr","locations":[{"start":{"line":56,"column":14},"end":{"line":56,"column":72}},{"start":{"line":57,"column":14},"end":{"line":57,"column":43}}]},"6":{"line":61,"type":"switch","locations":[{"start":{"line":68,"column":4},"end":{"line":150,"column":14},"skip":true},{"start":{"line":156,"column":4},"end":{"line":324,"column":14},"skip":true}]},"7":{"line":70,"type":"if","locations":[{"start":{"line":70,"column":12},"end":{"line":70,"column":12},"skip":true},{"start":{"line":70,"column":12},"end":{"line":70,"column":12},"skip":true}]},"8":{"line":70,"type":"binary-expr","locations":[{"start":{"line":70,"column":16},"end":{"line":70,"column":22},"skip":true},{"start":{"line":70,"column":27},"end":{"line":70,"column":32},"skip":true},{"start":{"line":71,"column":20},"end":{"line":71,"column":39},"skip":true},{"start":{"line":72,"column":20},"end":{"line":72,"column":49},"skip":true},{"start":{"line":73,"column":20},"end":{"line":73,"column":58},"skip":true},{"start":{"line":74,"column":20},"end":{"line":74,"column":69},"skip":true}]},"9":{"line":79,"type":"switch","locations":[{"start":{"line":80,"column":20},"end":{"line":80,"column":33},"skip":true},{"start":{"line":81,"column":20},"end":{"line":83,"column":30},"skip":true},{"start":{"line":84,"column":20},"end":{"line":85,"column":49},"skip":true}]},"10":{"line":89,"type":"switch","locations":[{"start":{"line":90,"column":12},"end":{"line":103,"column":22},"skip":true},{"start":{"line":105,"column":12},"end":{"line":106,"column":22},"skip":true}]},"11":{"line":89,"type":"binary-expr","locations":[{"start":{"line":89,"column":20},"end":{"line":89,"column":25},"skip":true},{"start":{"line":89,"column":29},"end":{"line":89,"column":48},"skip":true},{"start":{"line":89,"column":52},"end":{"line":89,"column":74},"skip":true}]},"12":{"line":92,"type":"if","locations":[{"start":{"line":92,"column":16},"end":{"line":92,"column":16},"skip":true},{"start":{"line":92,"column":16},"end":{"line":92,"column":16},"skip":true}]},"13":{"line":108,"type":"if","locations":[{"start":{"line":108,"column":12},"end":{"line":108,"column":12},"skip":true},{"start":{"line":108,"column":12},"end":{"line":108,"column":12},"skip":true}]},"14":{"line":108,"type":"binary-expr","locations":[{"start":{"line":108,"column":16},"end":{"line":108,"column":61},"skip":true},{"start":{"line":108,"column":66},"end":{"line":108,"column":72},"skip":true},{"start":{"line":108,"column":77},"end":{"line":108,"column":82},"skip":true},{"start":{"line":109,"column":20},"end":{"line":109,"column":39},"skip":true},{"start":{"line":110,"column":20},"end":{"line":110,"column":49},"skip":true},{"start":{"line":111,"column":20},"end":{"line":111,"column":58},"skip":true},{"start":{"line":112,"column":20},"end":{"line":112,"column":68},"skip":true}]},"15":{"line":129,"type":"if","locations":[{"start":{"line":129,"column":16},"end":{"line":129,"column":16},"skip":true},{"start":{"line":129,"column":16},"end":{"line":129,"column":16},"skip":true}]},"16":{"line":134,"type":"cond-expr","locations":[{"start":{"line":135,"column":26},"end":{"line":135,"column":29},"skip":true},{"start":{"line":136,"column":26},"end":{"line":136,"column":54},"skip":true}]},"17":{"line":164,"type":"binary-expr","locations":[{"start":{"line":164,"column":27},"end":{"line":164,"column":43},"skip":true},{"start":{"line":164,"column":47},"end":{"line":164,"column":49},"skip":true}]},"18":{"line":258,"type":"if","locations":[{"start":{"line":258,"column":8},"end":{"line":258,"column":8},"skip":true},{"start":{"line":258,"column":8},"end":{"line":258,"column":8},"skip":true}]},"19":{"line":275,"type":"switch","locations":[{"start":{"line":276,"column":20},"end":{"line":277,"column":64},"skip":true},{"start":{"line":278,"column":20},"end":{"line":279,"column":40},"skip":true},{"start":{"line":280,"column":20},"end":{"line":281,"column":40},"skip":true},{"start":{"line":282,"column":20},"end":{"line":283,"column":39},"skip":true}]},"20":{"line":288,"type":"if","locations":[{"start":{"line":288,"column":8},"end":{"line":288,"column":8},"skip":true},{"start":{"line":288,"column":8},"end":{"line":288,"column":8},"skip":true}]},"21":{"line":288,"type":"binary-expr","locations":[{"start":{"line":288,"column":12},"end":{"line":288,"column":40},"skip":true},{"start":{"line":288,"column":44},"end":{"line":288,"column":67},"skip":true}]},"22":{"line":292,"type":"binary-expr","locations":[{"start":{"line":292,"column":12},"end":{"line":292,"column":50},"skip":true},{"start":{"line":293,"column":12},"end":{"line":293,"column":53},"skip":true}]},"23":{"line":297,"type":"binary-expr","locations":[{"start":{"line":297,"column":12},"end":{"line":297,"column":86},"skip":true},{"start":{"line":298,"column":12},"end":{"line":301,"column":36},"skip":true}]},"24":{"line":303,"type":"binary-expr","locations":[{"start":{"line":303,"column":43},"end":{"line":303,"column":75},"skip":true},{"start":{"line":303,"column":79},"end":{"line":303,"column":81},"skip":true}]},"25":{"line":306,"type":"if","locations":[{"start":{"line":306,"column":8},"end":{"line":306,"column":8},"skip":true},{"start":{"line":306,"column":8},"end":{"line":306,"column":8},"skip":true}]},"26":{"line":310,"type":"if","locations":[{"start":{"line":310,"column":8},"end":{"line":310,"column":8},"skip":true},{"start":{"line":310,"column":8},"end":{"line":310,"column":8},"skip":true}]},"27":{"line":313,"type":"binary-expr","locations":[{"start":{"line":313,"column":27},"end":{"line":313,"column":43},"skip":true},{"start":{"line":313,"column":47},"end":{"line":313,"column":53},"skip":true}]},"28":{"line":317,"type":"if","locations":[{"start":{"line":317,"column":12},"end":{"line":317,"column":12},"skip":true},{"start":{"line":317,"column":12},"end":{"line":317,"column":12},"skip":true}]}},"code":["/*","example.js","","quickstart example","","instruction","    1. save this script as example.js","    2. run the shell command:","        $ npm install npmtest-homebridge-plugin-chromecast && PORT=8081 node example.js","    3. play with the browser-demo on http://127.0.0.1:8081","*/","","","","/* istanbul instrument in package npmtest_homebridge_plugin_chromecast */","/*jslint","    bitwise: true,","    browser: true,","    maxerr: 8,","    maxlen: 96,","    node: true,","    nomen: true,","    regexp: true,","    stupid: true","*/","(function () {","    'use strict';","    var local;","","","","    // run shared js-env code - pre-init","    (function () {","        // init local","        local = {};","        // init modeJs","        local.modeJs = (function () {","            try {","                return typeof navigator.userAgent === 'string' &&","                    typeof document.querySelector('body') === 'object' &&","                    typeof XMLHttpRequest.prototype.open === 'function' &&","                    'browser';","            } catch (errorCaughtBrowser) {","                return module.exports &&","                    typeof process.versions.node === 'string' &&","                    typeof require('http').createServer === 'function' &&","                    'node';","            }","        }());","        // init global","        local.global = local.modeJs === 'browser'","            ? window","            : global;","        // init utility2_rollup","        local = local.global.utility2_rollup || (local.modeJs === 'browser'","            ? local.global.utility2_npmtest_homebridge_plugin_chromecast","            : global.utility2_moduleExports);","        // export local","        local.global.local = local;","    }());","    switch (local.modeJs) {","","","","    // post-init","    // run browser js-env code - post-init","    /* istanbul ignore next */","    case 'browser':","        local.testRunBrowser = function (event) {","            if (!event || (event &&","                    event.currentTarget &&","                    event.currentTarget.className &&","                    event.currentTarget.className.includes &&","                    event.currentTarget.className.includes('onreset'))) {","                // reset output","                Array.from(","                    document.querySelectorAll('body > .resettable')","                ).forEach(function (element) {","                    switch (element.tagName) {","                    case 'INPUT':","                    case 'TEXTAREA':","                        element.value = '';","                        break;","                    default:","                        element.textContent = '';","                    }","                });","            }","            switch (event && event.currentTarget && event.currentTarget.id) {","            case 'testRunButton1':","                // show tests","                if (document.querySelector('#testReportDiv1').style.display === 'none') {","                    document.querySelector('#testReportDiv1').style.display = 'block';","                    document.querySelector('#testRunButton1').textContent =","                        'hide internal test';","                    local.modeTest = true;","                    local.testRunDefault(local);","                // hide tests","                } else {","                    document.querySelector('#testReportDiv1').style.display = 'none';","                    document.querySelector('#testRunButton1').textContent = 'run internal test';","                }","                break;","            // custom-case","            default:","                break;","            }","            if (document.querySelector('#inputTextareaEval1') && (!event || (event &&","                    event.currentTarget &&","                    event.currentTarget.className &&","                    event.currentTarget.className.includes &&","                    event.currentTarget.className.includes('oneval')))) {","                // try to eval input-code","                try {","                    /*jslint evil: true*/","                    eval(document.querySelector('#inputTextareaEval1').value);","                } catch (errorCaught) {","                    console.error(errorCaught);","                }","            }","        };","        // log stderr and stdout to #outputTextareaStdout1","        ['error', 'log'].forEach(function (key) {","            console[key + '_original'] = console[key];","            console[key] = function () {","                var element;","                console[key + '_original'].apply(console, arguments);","                element = document.querySelector('#outputTextareaStdout1');","                if (!element) {","                    return;","                }","                // append text to #outputTextareaStdout1","                element.value += Array.from(arguments).map(function (arg) {","                    return typeof arg === 'string'","                        ? arg","                        : JSON.stringify(arg, null, 4);","                }).join(' ') + '\\n';","                // scroll textarea to bottom","                element.scrollTop = element.scrollHeight;","            };","        });","        // init event-handling","        ['change', 'click', 'keyup'].forEach(function (event) {","            Array.from(document.querySelectorAll('.on' + event)).forEach(function (element) {","                element.addEventListener(event, local.testRunBrowser);","            });","        });","        // run tests","        local.testRunBrowser();","        break;","","","","    // run node js-env code - post-init","    /* istanbul ignore next */","    case 'node':","        // export local","        module.exports = local;","        // require modules","        local.fs = require('fs');","        local.http = require('http');","        local.url = require('url');","        // init assets","        local.assetsDict = local.assetsDict || {};","        /* jslint-ignore-begin */","        local.assetsDict['/assets.index.template.html'] = '\\","<!doctype html>\\n\\","<html lang=\"en\">\\n\\","<head>\\n\\","<meta charset=\"UTF-8\">\\n\\","<meta name=\"viewport\" content=\"width=device-width, initial-scale=1\">\\n\\","<title>{{env.npm_package_name}} (v{{env.npm_package_version}})</title>\\n\\","<style>\\n\\","/*csslint\\n\\","    box-sizing: false,\\n\\","    universal-selector: false\\n\\","*/\\n\\","* {\\n\\","    box-sizing: border-box;\\n\\","}\\n\\","body {\\n\\","    background: #dde;\\n\\","    font-family: Arial, Helvetica, sans-serif;\\n\\","    margin: 2rem;\\n\\","}\\n\\","body > * {\\n\\","    margin-bottom: 1rem;\\n\\","}\\n\\",".utility2FooterDiv {\\n\\","    margin-top: 20px;\\n\\","    text-align: center;\\n\\","}\\n\\","</style>\\n\\","<style>\\n\\","/*csslint\\n\\","*/\\n\\","textarea {\\n\\","    font-family: monospace;\\n\\","    height: 10rem;\\n\\","    width: 100%;\\n\\","}\\n\\","textarea[readonly] {\\n\\","    background: #ddd;\\n\\","}\\n\\","</style>\\n\\","</head>\\n\\","<body>\\n\\","<!-- utility2-comment\\n\\","<div id=\"ajaxProgressDiv1\" style=\"background: #d00; height: 2px; left: 0; margin: 0; padding: 0; position: fixed; top: 0; transition: background 0.5s, width 1.5s; width: 25%;\"></div>\\n\\","utility2-comment -->\\n\\","<h1>\\n\\","<!-- utility2-comment\\n\\","    <a\\n\\","        {{#if env.npm_package_homepage}}\\n\\","        href=\"{{env.npm_package_homepage}}\"\\n\\","        {{/if env.npm_package_homepage}}\\n\\","        target=\"_blank\"\\n\\","    >\\n\\","utility2-comment -->\\n\\","        {{env.npm_package_name}} (v{{env.npm_package_version}})\\n\\","<!-- utility2-comment\\n\\","    </a>\\n\\","utility2-comment -->\\n\\","</h1>\\n\\","<h3>{{env.npm_package_description}}</h3>\\n\\","<!-- utility2-comment\\n\\","<h4><a download href=\"assets.app.js\">download standalone app</a></h4>\\n\\","<button class=\"onclick onreset\" id=\"testRunButton1\">run internal test</button><br>\\n\\","<div id=\"testReportDiv1\" style=\"display: none;\"></div>\\n\\","utility2-comment -->\\n\\","\\n\\","\\n\\","\\n\\","<label>stderr and stdout</label>\\n\\","<textarea class=\"resettable\" id=\"outputTextareaStdout1\" readonly></textarea>\\n\\","<!-- utility2-comment\\n\\","{{#if isRollup}}\\n\\","<script src=\"assets.app.js\"></script>\\n\\","{{#unless isRollup}}\\n\\","utility2-comment -->\\n\\","<script src=\"assets.utility2.rollup.js\"></script>\\n\\","<script src=\"jsonp.utility2._stateInit?callback=window.utility2._stateInit\"></script>\\n\\","<script src=\"assets.npmtest_homebridge_plugin_chromecast.rollup.js\"></script>\\n\\","<script src=\"assets.example.js\"></script>\\n\\","<script src=\"assets.test.js\"></script>\\n\\","<!-- utility2-comment\\n\\","{{/if isRollup}}\\n\\","utility2-comment -->\\n\\","<div class=\"utility2FooterDiv\">\\n\\","    [ this app was created with\\n\\","    <a href=\"https://github.com/kaizhu256/node-utility2\" target=\"_blank\">utility2</a>\\n\\","    ]\\n\\","</div>\\n\\","</body>\\n\\","</html>\\n\\","';","        /* jslint-ignore-end */","        if (local.templateRender) {","            local.assetsDict['/'] = local.templateRender(","                local.assetsDict['/assets.index.template.html'],","                {","                    env: local.objectSetDefault(local.env, {","                        npm_package_description: 'the greatest app in the world!',","                        npm_package_name: 'my-app',","                        npm_package_nameAlias: 'my_app',","                        npm_package_version: '0.0.1'","                    })","                }","            );","        } else {","            local.assetsDict['/'] = local.assetsDict['/assets.index.template.html']","                .replace((/\\{\\{env\\.(\\w+?)\\}\\}/g), function (match0, match1) {","                    // jslint-hack","                    String(match0);","                    switch (match1) {","                    case 'npm_package_description':","                        return 'the greatest app in the world!';","                    case 'npm_package_name':","                        return 'my-app';","                    case 'npm_package_nameAlias':","                        return 'my_app';","                    case 'npm_package_version':","                        return '0.0.1';","                    }","                });","        }","        // run the cli","        if (local.global.utility2_rollup || module !== require.main) {","            break;","        }","        local.assetsDict['/assets.example.js'] =","            local.assetsDict['/assets.example.js'] ||","            local.fs.readFileSync(__filename, 'utf8');","        // bug-workaround - long $npm_package_buildCustomOrg","        /* jslint-ignore-begin */","        local.assetsDict['/assets.npmtest_homebridge_plugin_chromecast.rollup.js'] =","            local.assetsDict['/assets.npmtest_homebridge_plugin_chromecast.rollup.js'] ||","            local.fs.readFileSync(","                local.npmtest_homebridge_plugin_chromecast.__dirname + '/lib.npmtest_homebridge_plugin_chromecast.js',","                'utf8'","            ).replace((/^#!/), '//');","        /* jslint-ignore-end */","        local.assetsDict['/favicon.ico'] = local.assetsDict['/favicon.ico'] || '';","        // if $npm_config_timeout_exit exists,","        // then exit this process after $npm_config_timeout_exit ms","        if (Number(process.env.npm_config_timeout_exit)) {","            setTimeout(process.exit, Number(process.env.npm_config_timeout_exit));","        }","        // start server","        if (local.global.utility2_serverHttp1) {","            break;","        }","        process.env.PORT = process.env.PORT || '8081';","        console.error('server starting on port ' + process.env.PORT);","        local.http.createServer(function (request, response) {","            request.urlParsed = local.url.parse(request.url);","            if (local.assetsDict[request.urlParsed.pathname] !== undefined) {","                response.end(local.assetsDict[request.urlParsed.pathname]);","                return;","            }","            response.statusCode = 404;","            response.end();","        }).listen(process.env.PORT);","        break;","    }","}());",""],"l":{"26":2,"28":2,"33":2,"35":2,"37":2,"38":2,"39":2,"44":1,"51":2,"55":2,"59":2,"61":2,"69":1,"70":2,"76":2,"79":2,"82":2,"83":2,"85":1,"89":2,"92":1,"93":1,"94":1,"96":1,"97":1,"100":1,"101":1,"103":1,"106":1,"108":2,"114":1,"116":1,"118":1,"123":1,"124":2,"125":2,"126":3,"127":3,"128":3,"129":3,"130":1,"133":3,"134":3,"139":3,"143":1,"144":3,"145":1,"149":1,"150":1,"158":1,"160":1,"161":1,"162":1,"164":1,"166":1,"258":1,"259":1,"271":1,"274":6,"275":6,"277":1,"279":2,"281":1,"283":2,"288":1,"289":1,"291":1,"296":1,"303":1,"306":1,"307":1,"310":1,"311":1,"313":1,"314":1,"315":1,"316":1,"317":1,"318":1,"319":1,"321":1,"322":1,"324":1}},"/home/travis/build/npmtest/node-npmtest-homebridge-plugin-chromecast/node_modules/homebridge-plugin-chromecast/index.js":{"path":"/home/travis/build/npmtest/node-npmtest-homebridge-plugin-chromecast/node_modules/homebridge-plugin-chromecast/index.js","s":{"1":2,"2":0,"3":0,"4":0,"5":0,"6":0,"7":0,"8":0,"9":0,"10":0,"11":1,"12":0,"13":0,"14":0,"15":0,"16":0,"17":0,"18":0,"19":0,"20":0,"21":0,"22":0,"23":0,"24":0,"25":0,"26":0,"27":0,"28":0,"29":0,"30":0,"31":0,"32":0,"33":0,"34":0,"35":0,"36":0,"37":0,"38":0,"39":0,"40":0,"41":0,"42":0,"43":0,"44":0,"45":0,"46":0,"47":0,"48":0,"49":0,"50":0,"51":0,"52":0,"53":0,"54":0,"55":0,"56":0,"57":0,"58":0,"59":0,"60":0,"61":0,"62":0,"63":0,"64":0,"65":0,"66":0,"67":0,"68":0,"69":0,"70":0,"71":0,"72":0,"73":0,"74":0,"75":0,"76":0,"77":0,"78":0,"79":0,"80":0,"81":0,"82":0,"83":0,"84":0,"85":0,"86":0,"87":0,"88":0,"89":0,"90":0,"91":0,"92":0,"93":0,"94":0,"95":0,"96":0,"97":0,"98":0,"99":0,"100":0,"101":1,"102":0,"103":0,"104":0,"105":1,"106":0,"107":1,"108":0,"109":0,"110":0,"111":0,"112":0,"113":0,"114":0,"115":0,"116":0,"117":0,"118":0,"119":0,"120":0,"121":0,"122":0,"123":0,"124":0,"125":0,"126":0,"127":0,"128":0,"129":0,"130":0,"131":0,"132":0,"133":0,"134":0,"135":0,"136":0,"137":0,"138":0,"139":0,"140":0,"141":0,"142":0,"143":0,"144":0,"145":0,"146":0,"147":0,"148":0,"149":0,"150":0},"b":{"1":[0,0],"2":[0,0],"3":[0,0],"4":[0,0],"5":[0,0],"6":[0,0],"7":[0,0],"8":[0,0,0,0],"9":[0,0],"10":[0,0],"11":[0,0],"12":[0,0],"13":[0,0],"14":[0,0],"15":[0,0],"16":[0,0],"17":[0,0],"18":[0,0],"19":[0,0],"20":[0,0],"21":[0,0],"22":[0,0],"23":[0,0],"24":[0,0],"25":[0,0],"26":[0,0],"27":[0,0]},"f":{"1":0,"2":0,"3":0,"4":0,"5":0,"6":0,"7":0,"8":0,"9":0,"10":0,"11":0,"12":0,"13":0,"14":0,"15":0,"16":0},"fnMap":{"1":{"name":"(anonymous_1)","line":15,"loc":{"start":{"line":15,"column":17},"end":{"line":15,"column":38}}},"2":{"name":"HomebridgeChromecast","line":34,"loc":{"start":{"line":34,"column":0},"end":{"line":34,"column":48}}},"3":{"name":"(anonymous_3)","line":41,"loc":{"start":{"line":41,"column":41},"end":{"line":41,"column":69}}},"4":{"name":"(anonymous_4)","line":61,"loc":{"start":{"line":61,"column":35},"end":{"line":61,"column":46}}},"5":{"name":"(anonymous_5)","line":72,"loc":{"start":{"line":72,"column":40},"end":{"line":72,"column":51}}},"6":{"name":"(anonymous_6)","line":112,"loc":{"start":{"line":112,"column":50},"end":{"line":113,"column":0}}},"7":{"name":"(anonymous_7)","line":121,"loc":{"start":{"line":121,"column":52},"end":{"line":121,"column":72}}},"8":{"name":"(anonymous_8)","line":135,"loc":{"start":{"line":135,"column":27},"end":{"line":135,"column":54}}},"9":{"name":"(anonymous_9)","line":149,"loc":{"start":{"line":149,"column":61},"end":{"line":149,"column":98}}},"10":{"name":"(anonymous_10)","line":228,"loc":{"start":{"line":228,"column":46},"end":{"line":228,"column":73}}},"11":{"name":"(anonymous_11)","line":234,"loc":{"start":{"line":234,"column":27},"end":{"line":234,"column":54}}},"12":{"name":"(anonymous_12)","line":254,"loc":{"start":{"line":254,"column":63},"end":{"line":254,"column":74}}},"13":{"name":"(anonymous_13)","line":264,"loc":{"start":{"line":264,"column":49},"end":{"line":264,"column":60}}},"14":{"name":"handleCallback","line":271,"loc":{"start":{"line":271,"column":0},"end":{"line":271,"column":42}}},"15":{"name":"addCharacteristics","line":278,"loc":{"start":{"line":278,"column":0},"end":{"line":278,"column":38}}},"16":{"name":"wrapGetter","line":281,"loc":{"start":{"line":281,"column":2},"end":{"line":281,"column":35}}}},"statementMap":{"1":{"start":{"line":4,"column":0},"end":{"line":8,"column":36}},"2":{"start":{"line":10,"column":0},"end":{"line":10,"column":48}},"3":{"start":{"line":12,"column":0},"end":{"line":13,"column":33}},"4":{"start":{"line":15,"column":0},"end":{"line":29,"column":1}},"5":{"start":{"line":16,"column":2},"end":{"line":16,"column":63}},"6":{"start":{"line":19,"column":2},"end":{"line":19,"column":43}},"7":{"start":{"line":22,"column":2},"end":{"line":22,"column":35}},"8":{"start":{"line":23,"column":2},"end":{"line":23,"column":49}},"9":{"start":{"line":24,"column":2},"end":{"line":24,"column":32}},"10":{"start":{"line":28,"column":2},"end":{"line":28,"column":120}},"11":{"start":{"line":34,"column":0},"end":{"line":110,"column":1}},"12":{"start":{"line":35,"column":2},"end":{"line":35,"column":35}},"13":{"start":{"line":36,"column":2},"end":{"line":36,"column":22}},"14":{"start":{"line":37,"column":2},"end":{"line":37,"column":17}},"15":{"start":{"line":38,"column":2},"end":{"line":38,"column":23}},"16":{"start":{"line":39,"column":2},"end":{"line":39,"column":24}},"17":{"start":{"line":41,"column":2},"end":{"line":59,"column":16}},"18":{"start":{"line":42,"column":4},"end":{"line":46,"column":5}},"19":{"start":{"line":43,"column":6},"end":{"line":43,"column":50}},"20":{"start":{"line":44,"column":6},"end":{"line":44,"column":30}},"21":{"start":{"line":45,"column":6},"end":{"line":45,"column":21}},"22":{"start":{"line":48,"column":4},"end":{"line":52,"column":5}},"23":{"start":{"line":49,"column":6},"end":{"line":49,"column":43}},"24":{"start":{"line":50,"column":6},"end":{"line":50,"column":30}},"25":{"start":{"line":51,"column":6},"end":{"line":51,"column":21}},"26":{"start":{"line":54,"column":4},"end":{"line":58,"column":5}},"27":{"start":{"line":55,"column":6},"end":{"line":55,"column":29}},"28":{"start":{"line":56,"column":6},"end":{"line":56,"column":30}},"29":{"start":{"line":57,"column":6},"end":{"line":57,"column":21}},"30":{"start":{"line":61,"column":2},"end":{"line":63,"column":5}},"31":{"start":{"line":62,"column":4},"end":{"line":62,"column":40}},"32":{"start":{"line":65,"column":2},"end":{"line":109,"column":3}},"33":{"start":{"line":67,"column":6},"end":{"line":67,"column":21}},"34":{"start":{"line":72,"column":6},"end":{"line":108,"column":20}},"35":{"start":{"line":73,"column":8},"end":{"line":73,"column":43}},"36":{"start":{"line":75,"column":8},"end":{"line":107,"column":11}},"37":{"start":{"line":76,"column":10},"end":{"line":76,"column":63}},"38":{"start":{"line":77,"column":10},"end":{"line":77,"column":133}},"39":{"start":{"line":79,"column":10},"end":{"line":79,"column":71}},"40":{"start":{"line":81,"column":10},"end":{"line":81,"column":51}},"41":{"start":{"line":83,"column":10},"end":{"line":85,"column":11}},"42":{"start":{"line":84,"column":12},"end":{"line":84,"column":48}},"43":{"start":{"line":87,"column":10},"end":{"line":91,"column":13}},"44":{"start":{"line":88,"column":12},"end":{"line":88,"column":59}},"45":{"start":{"line":89,"column":12},"end":{"line":89,"column":58}},"46":{"start":{"line":90,"column":12},"end":{"line":90,"column":106}},"47":{"start":{"line":93,"column":10},"end":{"line":98,"column":13}},"48":{"start":{"line":94,"column":12},"end":{"line":94,"column":58}},"49":{"start":{"line":95,"column":12},"end":{"line":97,"column":34}},"50":{"start":{"line":100,"column":10},"end":{"line":105,"column":13}},"51":{"start":{"line":101,"column":12},"end":{"line":101,"column":58}},"52":{"start":{"line":102,"column":12},"end":{"line":104,"column":21}},"53":{"start":{"line":112,"column":0},"end":{"line":116,"column":1}},"54":{"start":{"line":114,"column":2},"end":{"line":114,"column":32}},"55":{"start":{"line":115,"column":2},"end":{"line":115,"column":44}},"56":{"start":{"line":121,"column":0},"end":{"line":145,"column":1}},"57":{"start":{"line":122,"column":2},"end":{"line":122,"column":57}},"58":{"start":{"line":123,"column":2},"end":{"line":123,"column":22}},"59":{"start":{"line":125,"column":2},"end":{"line":127,"column":5}},"60":{"start":{"line":126,"column":15},"end":{"line":126,"column":52}},"61":{"start":{"line":133,"column":2},"end":{"line":133,"column":47}},"62":{"start":{"line":135,"column":2},"end":{"line":138,"column":5}},"63":{"start":{"line":136,"column":4},"end":{"line":136,"column":55}},"64":{"start":{"line":137,"column":4},"end":{"line":137,"column":15}},"65":{"start":{"line":140,"column":2},"end":{"line":140,"column":32}},"66":{"start":{"line":142,"column":2},"end":{"line":142,"column":35}},"67":{"start":{"line":144,"column":2},"end":{"line":144,"column":19}},"68":{"start":{"line":149,"column":0},"end":{"line":225,"column":1}},"69":{"start":{"line":150,"column":2},"end":{"line":150,"column":49}},"70":{"start":{"line":151,"column":2},"end":{"line":151,"column":49}},"71":{"start":{"line":154,"column":2},"end":{"line":164,"column":3}},"72":{"start":{"line":155,"column":4},"end":{"line":155,"column":52}},"73":{"start":{"line":162,"column":4},"end":{"line":162,"column":106}},"74":{"start":{"line":163,"column":4},"end":{"line":163,"column":11}},"75":{"start":{"line":171,"column":2},"end":{"line":187,"column":3}},"76":{"start":{"line":221,"column":2},"end":{"line":221,"column":23}},"77":{"start":{"line":224,"column":2},"end":{"line":224,"column":21}},"78":{"start":{"line":228,"column":0},"end":{"line":252,"column":1}},"79":{"start":{"line":229,"column":2},"end":{"line":229,"column":28}},"80":{"start":{"line":230,"column":2},"end":{"line":231,"column":63}},"81":{"start":{"line":233,"column":2},"end":{"line":233,"column":61}},"82":{"start":{"line":234,"column":2},"end":{"line":237,"column":5}},"83":{"start":{"line":235,"column":4},"end":{"line":235,"column":55}},"84":{"start":{"line":236,"column":4},"end":{"line":236,"column":15}},"85":{"start":{"line":242,"column":2},"end":{"line":244,"column":5}},"86":{"start":{"line":243,"column":15},"end":{"line":243,"column":52}},"87":{"start":{"line":246,"column":2},"end":{"line":246,"column":32}},"88":{"start":{"line":248,"column":2},"end":{"line":248,"column":35}},"89":{"start":{"line":249,"column":2},"end":{"line":249,"column":114}},"90":{"start":{"line":251,"column":2},"end":{"line":251,"column":19}},"91":{"start":{"line":254,"column":0},"end":{"line":261,"column":1}},"92":{"start":{"line":255,"column":2},"end":{"line":255,"column":34}},"93":{"start":{"line":256,"column":2},"end":{"line":260,"column":3}},"94":{"start":{"line":257,"column":4},"end":{"line":257,"column":44}},"95":{"start":{"line":258,"column":4},"end":{"line":258,"column":64}},"96":{"start":{"line":259,"column":4},"end":{"line":259,"column":46}},"97":{"start":{"line":264,"column":0},"end":{"line":269,"column":1}},"98":{"start":{"line":265,"column":2},"end":{"line":265,"column":31}},"99":{"start":{"line":266,"column":2},"end":{"line":266,"column":121}},"100":{"start":{"line":268,"column":2},"end":{"line":268,"column":24}},"101":{"start":{"line":271,"column":0},"end":{"line":276,"column":1}},"102":{"start":{"line":272,"column":2},"end":{"line":275,"column":4}},"103":{"start":{"line":273,"column":13},"end":{"line":273,"column":59}},"104":{"start":{"line":274,"column":11},"end":{"line":274,"column":44}},"105":{"start":{"line":278,"column":0},"end":{"line":368,"column":1}},"106":{"start":{"line":279,"column":2},"end":{"line":279,"column":166}},"107":{"start":{"line":281,"column":2},"end":{"line":283,"column":3}},"108":{"start":{"line":282,"column":4},"end":{"line":282,"column":81}},"109":{"start":{"line":282,"column":19},"end":{"line":282,"column":80}},"110":{"start":{"line":282,"column":61},"end":{"line":282,"column":75}},"111":{"start":{"line":285,"column":2},"end":{"line":310,"column":7}},"112":{"start":{"line":287,"column":6},"end":{"line":292,"column":7}},"113":{"start":{"line":288,"column":8},"end":{"line":288,"column":47}},"114":{"start":{"line":291,"column":8},"end":{"line":291,"column":63}},"115":{"start":{"line":298,"column":6},"end":{"line":298,"column":46}},"116":{"start":{"line":300,"column":6},"end":{"line":302,"column":7}},"117":{"start":{"line":301,"column":8},"end":{"line":301,"column":33}},"118":{"start":{"line":304,"column":6},"end":{"line":309,"column":7}},"119":{"start":{"line":305,"column":8},"end":{"line":305,"column":46}},"120":{"start":{"line":308,"column":8},"end":{"line":308,"column":47}},"121":{"start":{"line":312,"column":2},"end":{"line":312,"column":126}},"122":{"start":{"line":313,"column":2},"end":{"line":325,"column":8}},"123":{"start":{"line":315,"column":6},"end":{"line":315,"column":46}},"124":{"start":{"line":316,"column":6},"end":{"line":324,"column":7}},"125":{"start":{"line":317,"column":8},"end":{"line":317,"column":45}},"126":{"start":{"line":319,"column":11},"end":{"line":324,"column":7}},"127":{"start":{"line":320,"column":8},"end":{"line":320,"column":74}},"128":{"start":{"line":323,"column":8},"end":{"line":323,"column":36}},"129":{"start":{"line":327,"column":2},"end":{"line":327,"column":152}},"130":{"start":{"line":328,"column":2},"end":{"line":344,"column":7}},"131":{"start":{"line":330,"column":6},"end":{"line":330,"column":46}},"132":{"start":{"line":331,"column":6},"end":{"line":336,"column":7}},"133":{"start":{"line":332,"column":8},"end":{"line":332,"column":45}},"134":{"start":{"line":335,"column":8},"end":{"line":335,"column":72}},"135":{"start":{"line":339,"column":6},"end":{"line":339,"column":46}},"136":{"start":{"line":340,"column":6},"end":{"line":342,"column":7}},"137":{"start":{"line":341,"column":8},"end":{"line":341,"column":35}},"138":{"start":{"line":343,"column":6},"end":{"line":343,"column":59}},"139":{"start":{"line":343,"column":49},"end":{"line":343,"column":53}},"140":{"start":{"line":346,"column":4},"end":{"line":346,"column":153}},"141":{"start":{"line":347,"column":4},"end":{"line":367,"column":9}},"142":{"start":{"line":349,"column":8},"end":{"line":349,"column":48}},"143":{"start":{"line":351,"column":8},"end":{"line":356,"column":9}},"144":{"start":{"line":352,"column":10},"end":{"line":352,"column":47}},"145":{"start":{"line":355,"column":10},"end":{"line":355,"column":61}},"146":{"start":{"line":359,"column":8},"end":{"line":359,"column":48}},"147":{"start":{"line":361,"column":8},"end":{"line":363,"column":9}},"148":{"start":{"line":362,"column":10},"end":{"line":362,"column":37}},"149":{"start":{"line":365,"column":8},"end":{"line":366,"column":32}},"150":{"start":{"line":366,"column":22},"end":{"line":366,"column":26}}},"branchMap":{"1":{"line":42,"type":"if","locations":[{"start":{"line":42,"column":4},"end":{"line":42,"column":4}},{"start":{"line":42,"column":4},"end":{"line":42,"column":4}}]},"2":{"line":48,"type":"if","locations":[{"start":{"line":48,"column":4},"end":{"line":48,"column":4}},{"start":{"line":48,"column":4},"end":{"line":48,"column":4}}]},"3":{"line":54,"type":"if","locations":[{"start":{"line":54,"column":4},"end":{"line":54,"column":4}},{"start":{"line":54,"column":4},"end":{"line":54,"column":4}}]},"4":{"line":65,"type":"if","locations":[{"start":{"line":65,"column":2},"end":{"line":65,"column":2}},{"start":{"line":65,"column":2},"end":{"line":65,"column":2}}]},"5":{"line":83,"type":"if","locations":[{"start":{"line":83,"column":10},"end":{"line":83,"column":10}},{"start":{"line":83,"column":10},"end":{"line":83,"column":10}}]},"6":{"line":102,"type":"cond-expr","locations":[{"start":{"line":103,"column":16},"end":{"line":103,"column":39}},{"start":{"line":104,"column":16},"end":{"line":104,"column":19}}]},"7":{"line":154,"type":"if","locations":[{"start":{"line":154,"column":2},"end":{"line":154,"column":2}},{"start":{"line":154,"column":2},"end":{"line":154,"column":2}}]},"8":{"line":154,"type":"binary-expr","locations":[{"start":{"line":154,"column":6},"end":{"line":154,"column":13}},{"start":{"line":154,"column":17},"end":{"line":154,"column":33}},{"start":{"line":154,"column":37},"end":{"line":154,"column":60}},{"start":{"line":154,"column":64},"end":{"line":154,"column":92}}]},"9":{"line":273,"type":"binary-expr","locations":[{"start":{"line":273,"column":13},"end":{"line":273,"column":34}},{"start":{"line":273,"column":38},"end":{"line":273,"column":59}}]},"10":{"line":274,"type":"binary-expr","locations":[{"start":{"line":274,"column":11},"end":{"line":274,"column":27}},{"start":{"line":274,"column":31},"end":{"line":274,"column":44}}]},"11":{"line":279,"type":"binary-expr","locations":[{"start":{"line":279,"column":24},"end":{"line":279,"column":60}},{"start":{"line":279,"column":64},"end":{"line":279,"column":165}}]},"12":{"line":279,"type":"cond-expr","locations":[{"start":{"line":279,"column":124},"end":{"line":279,"column":149}},{"start":{"line":279,"column":152},"end":{"line":279,"column":164}}]},"13":{"line":287,"type":"if","locations":[{"start":{"line":287,"column":6},"end":{"line":287,"column":6}},{"start":{"line":287,"column":6},"end":{"line":287,"column":6}}]},"14":{"line":300,"type":"if","locations":[{"start":{"line":300,"column":6},"end":{"line":300,"column":6}},{"start":{"line":300,"column":6},"end":{"line":300,"column":6}}]},"15":{"line":300,"type":"binary-expr","locations":[{"start":{"line":300,"column":9},"end":{"line":300,"column":20}},{"start":{"line":300,"column":24},"end":{"line":300,"column":41}}]},"16":{"line":304,"type":"if","locations":[{"start":{"line":304,"column":6},"end":{"line":304,"column":6}},{"start":{"line":304,"column":6},"end":{"line":304,"column":6}}]},"17":{"line":312,"type":"binary-expr","locations":[{"start":{"line":312,"column":35},"end":{"line":312,"column":78}},{"start":{"line":312,"column":82},"end":{"line":312,"column":125}}]},"18":{"line":316,"type":"if","locations":[{"start":{"line":316,"column":6},"end":{"line":316,"column":6}},{"start":{"line":316,"column":6},"end":{"line":316,"column":6}}]},"19":{"line":319,"type":"if","locations":[{"start":{"line":319,"column":11},"end":{"line":319,"column":11}},{"start":{"line":319,"column":11},"end":{"line":319,"column":11}}]},"20":{"line":327,"type":"binary-expr","locations":[{"start":{"line":327,"column":31},"end":{"line":327,"column":89}},{"start":{"line":327,"column":93},"end":{"line":327,"column":151}}]},"21":{"line":331,"type":"if","locations":[{"start":{"line":331,"column":6},"end":{"line":331,"column":6}},{"start":{"line":331,"column":6},"end":{"line":331,"column":6}}]},"22":{"line":331,"type":"binary-expr","locations":[{"start":{"line":331,"column":9},"end":{"line":331,"column":20}},{"start":{"line":331,"column":24},"end":{"line":331,"column":42}}]},"23":{"line":340,"type":"if","locations":[{"start":{"line":340,"column":6},"end":{"line":340,"column":6}},{"start":{"line":340,"column":6},"end":{"line":340,"column":6}}]},"24":{"line":346,"type":"binary-expr","locations":[{"start":{"line":346,"column":26},"end":{"line":346,"column":87}},{"start":{"line":346,"column":91},"end":{"line":346,"column":152}}]},"25":{"line":351,"type":"if","locations":[{"start":{"line":351,"column":8},"end":{"line":351,"column":8}},{"start":{"line":351,"column":8},"end":{"line":351,"column":8}}]},"26":{"line":351,"type":"binary-expr","locations":[{"start":{"line":351,"column":11},"end":{"line":351,"column":22}},{"start":{"line":351,"column":26},"end":{"line":351,"column":44}}]},"27":{"line":361,"type":"if","locations":[{"start":{"line":361,"column":8},"end":{"line":361,"column":8}},{"start":{"line":361,"column":8},"end":{"line":361,"column":8}}]}},"code":["/* @flow weak */","'use strict';","","const http = require('http'),","      _ = require('lodash'),","      Chromecast = require('./chromecast.js'),","      homekitExtensions = require('./homekit-extensions.js'),","      Promise = require('bluebird');","","let Accessory, Service, Characteristic, UUIDGen;","","const NowPlaying = homekitExtensions.Characteristic.NowPlaying,","      discoveredChromecasts = {};","","module.exports = function(homebridge) {","  console.log('homebridge API version: ' + homebridge.version);","","  // Accessory must be created from PlatformAccessory Constructor","  Accessory = homebridge.platformAccessory;","","  // Service and Characteristic are from hap-nodejs","  Service = homebridge.hap.Service;","  Characteristic = homebridge.hap.Characteristic;","  UUIDGen = homebridge.hap.uuid;","","  // For platform plugin to be considered as dynamic platform plugin,","  // registerPlatform(pluginName, platformName, constructor, dynamic), dynamic must be true","  homebridge.registerPlatform('homebridge-plugin-chromecast', 'HomebridgePluginChromecast', HomebridgeChromecast, true);","}","","// Platform constructor","// config may be null","// api may be null if launched from old homebridge version","function HomebridgeChromecast(log, config, api) {","  log('HomebridgeChromecast Init');","  var platform = this;","  this.log = log;","  this.config = config;","  this.accessories = [];","","  this.requestServer = http.createServer(function(request, response) {","    if (request.url === '/add') {","      this.addAccessory(new Date().toISOString());","      response.writeHead(204);","      response.end();","    }","","    if (request.url == '/reachability') {","      this.updateAccessoriesReachability();","      response.writeHead(204);","      response.end();","    }","","    if (request.url == '/remove') {","      this.removeAccessory();","      response.writeHead(204);","      response.end();","    }","  }.bind(this));","","  this.requestServer.listen(18081, function() {","    platform.log('Server Listening...');","  });","","  if (api) {","      // Save the API object as plugin needs to register new accessory via this object.","      this.api = api;","","      // Listen to event 'didFinishLaunching', this means homebridge already finished loading cached accessories","      // Platform Plugin should only register new accessory that doesn't exist in homebridge after this event.","      // Or start discover new accessories","      this.api.on('didFinishLaunching', function() {","        platform.log('DidFinishLaunching');","","        Chromecast.scan(chromecast => {","          const chromecastConfig = chromecast.chromecastConfig;","          console.log('Added Chromecast \"%s\" at %s:%d', chromecastConfig.name, chromecastConfig.addresses[0], chromecastConfig.port);","","          const uuid = UUIDGen.generate(chromecastConfig.txtRecord.id);","","          discoveredChromecasts[uuid] = chromecast;","","          if(!this.getAccessoryByID(uuid)){","            this.addAccessory(chromecastConfig);","          }","","          chromecast.on('isPlaying', isPlaying => {","            console.log('isPlaying UPDATED: ' + isPlaying);","            const accessory = this.getAccessoryByID(uuid);","            accessory.getService(Service.Switch).getCharacteristic(Characteristic.On).setValue(isPlaying);","          });","","          chromecast.on('isMuted', isMuted => {","            const accessory = this.getAccessoryByID(uuid);","            accessory.getService(Service.Switch)","              .getCharacteristic(Characteristic.AudioFeedback)","              .setValue(!isMuted);","          });","","          chromecast.on('currentApplication', application => {","            const accessory = this.getAccessoryByID(uuid);","            accessory.getService(Service.Switch).getCharacteristic(NowPlaying).setValue(application","              ? application.displayName","              : '-');","          });","","        });","      }.bind(this));","  }","}","","HomebridgeChromecast.prototype.getAccessoryByID = function(UUID)","{","  console.log('finding ' + UUID)","  return _.find(this.accessories, { UUID });","}","","// Function invoked when homebridge tries to restore cached accessory","// Developer can configure accessory at here (like setup event handler)","// Update current value","HomebridgeChromecast.prototype.configureAccessory = function(accessory) {","  this.log(accessory.displayName, 'Configure Accessory');","  var platform = this;","","  Object.defineProperty(accessory, 'chromecast', {","    get: () => discoveredChromecasts[accessory.UUID]","  });","","","  // set the accessory to reachable if plugin can currently process the accessory","  // otherwise set to false and update the reachability later by invoking","  // accessory.updateReachability()","  accessory.reachable = !!accessory.chromecast;","","  accessory.on('identify', function(paired, callback) {","    platform.log(accessory.displayName, 'Identify!!!');","    callback();","  });","","  addCharacteristics(accessory);","","  this.accessories.push(accessory);","","  return accessory;","}","","//Handler will be invoked when user try to config your plugin","//Callback can be cached and invoke when nessary","HomebridgeChromecast.prototype.configurationRequestHandler = function(context, request, callback) {","  this.log('Context: ', JSON.stringify(context));","  this.log('Request: ', JSON.stringify(request));","","  // Check the request response","  if (request && request.response && request.response.inputs && request.response.inputs.name) {","    this.addAccessory(request.response.inputs.name);","","    // Invoke callback with config will let homebridge save the new config into config.json","    // Callback = function(response, type, replace, config)","    // set 'type' to platform if the plugin is trying to modify platforms section","    // set 'replace' to true will let homebridge replace existing config in config.json","    // 'config' is the data platform trying to save","    callback(null, 'platform', true, {'platform':'HomebridgePluginChromecast', 'otherConfig':'SomeData'});","    return;","  }","","  // - UI Type: Input","  // Can be used to request input from user","  // User response can be retrieved from request.response.inputs next time","  // when configurationRequestHandler being invoked","","  var respDict = {","    'type': 'Interface',","    'interface': 'input',","    'title': 'Add Accessory',","    'items': [","      {","        'id': 'name',","        'title': 'Name',","        'placeholder': 'Fancy Light'","      }//,","      // {","      //   'id': 'pw',","      //   'title': 'Password',","      //   'secure': true","      // }","    ]","  }","","  // - UI Type: List","  // Can be used to ask user to select something from the list","  // User response can be retrieved from request.response.selections next time","  // when configurationRequestHandler being invoked","","  // var respDict = {","  //   'type': 'Interface',","  //   'interface': 'list',","  //   'title': 'Select Something',","  //   'allowMultipleSelection': true,","  //   'items': [","  //     'A','B','C'","  //   ]","  // }","","  // - UI Type: Instruction","  // Can be used to ask user to do something (other than text input)","  // Hero image is base64 encoded image data. Not really sure the maximum length HomeKit allows.","","  // var respDict = {","  //   'type': 'Interface',","  //   'interface': 'instruction',","  //   'title': 'Almost There',","  //   'detail': 'Please press the button on the bridge to finish the setup.',","  //   'heroImage': 'base64 image data',","  //   'showActivityIndicator': true,","  // 'showNextButton': true,","  // 'buttonText': 'Login in browser',","  // 'actionURL': 'https://google.com'","  // }","","  // Plugin can set context to allow it track setup process","  context.ts = 'Hello';","","  //invoke callback to update setup UI","  callback(respDict);","}","","// Sample function to show how developer can add accessory dynamically from outside event","HomebridgeChromecast.prototype.addAccessory = function(chromecastConfig) {","  this.log('Add Accessory');","  const platform = this,","        uuid = UUIDGen.generate(chromecastConfig.txtRecord.id);","","  var accessory = new Accessory(chromecastConfig.name, uuid);","  accessory.on('identify', function(paired, callback) {","    platform.log(accessory.displayName, 'Identify!!!');","    callback();","  });","  // Plugin can save context on accessory","  // To help restore accessory in configureAccessory()","  // accessory.context.something = 'Something'","","  Object.defineProperty(accessory, 'chromecast', {","    get: () => discoveredChromecasts[accessory.UUID]","  });","","  addCharacteristics(accessory);","","  this.accessories.push(accessory);","  this.api.registerPlatformAccessories('homebridge-plugin-chromecast', 'HomebridgePluginChromecast', [accessory]);","","  return accessory;","}","","HomebridgeChromecast.prototype.updateAccessoriesReachability = function() {","  this.log('Update Reachability');","  for (var index in this.accessories) {","    var accessory = this.accessories[index];","    const isReachable = !!discoveredChromecasts[accessory.UUID];","    accessory.updateReachability(isReachable);","  }","}","","// Sample function to show how developer can remove accessory dynamically from outside event","HomebridgeChromecast.prototype.removeAccessory = function() {","  this.log('Remove Accessory');","  this.api.unregisterPlatformAccessories('homebridge-plugin-chromecast', 'HomebridgePluginChromecast', this.accessories);","","  this.accessories = [];","}","","function handleCallback(promise, callback){","  return promise.then(","    value => console.log('done..') || callback(null, value),","    err => console.log(err) || callback(err)","  );","}","","function addCharacteristics(accessory){","  const switchService = accessory.getService(Service.Switch) || accessory.addService(Service.Switch, accessory.chromecast ? accessory.chromecast.name : 'Chromecast');","","  function wrapGetter(promisechain){","    return (cb) => promisechain().timeout(3000).then(data => cb(null, data), cb);","  }","","  switchService.getCharacteristic(Characteristic.On)","    .on('get', wrapGetter(() => {","      if(!accessory.chromecast){","        return Promise.reject('Not available');","      }","      else{","        return Promise.resolve(accessory.chromecast.isPlaying);","      }","    }))","    .on('set', (value, cb) => {","      ///TODO: PAUSE/STOP PÅ MULTICAST ISTÄLLET FÖR SIG SJÄLV!!!","      //Få till C
[...]
,"column":4},"end":{"line":100,"column":5}},"40":{"start":{"line":99,"column":6},"end":{"line":99,"column":46}},"41":{"start":{"line":102,"column":4},"end":{"line":104,"column":5}},"42":{"start":{"line":103,"column":6},"end":{"line":103,"column":63}},"43":{"start":{"line":106,"column":4},"end":{"line":121,"column":5}},"44":{"start":{"line":107,"column":6},"end":{"line":117,"column":7}},"45":{"start":{"line":108,"column":8},"end":{"line":116,"column":54}},"46":{"start":{"line":111,"column":25},"end":{"line":111,"column":43}},"47":{"start":{"line":113,"column":12},"end":{"line":113,"column":74}},"48":{"start":{"line":113,"column":46},"end":{"line":113,"column":72}},"49":{"start":{"line":114,"column":12},"end":{"line":114,"column":47}},"50":{"start":{"line":116,"column":26},"end":{"line":116,"column":52}},"51":{"start":{"line":120,"column":6},"end":{"line":120,"column":24}},"52":{"start":{"line":122,"column":4},"end":{"line":124,"column":5}},"53":{"start":{"line":123,"column":6},"end":{"line":123,"column":39}},"54":{"start":{"line":125,"column":4},"end":{"line":125,"column":29}},"55":{"start":{"line":129,"column":4},"end":{"line":131,"column":26}},"56":{"start":{"line":135,"column":4},"end":{"line":137,"column":26}},"57":{"start":{"line":141,"column":4},"end":{"line":143,"column":26}},"58":{"start":{"line":147,"column":4},"end":{"line":149,"column":26}},"59":{"start":{"line":153,"column":4},"end":{"line":155,"column":26}},"60":{"start":{"line":159,"column":4},"end":{"line":159,"column":64}},"61":{"start":{"line":166,"column":4},"end":{"line":166,"column":45}},"62":{"start":{"line":167,"column":4},"end":{"line":167,"column":29}},"63":{"start":{"line":171,"column":4},"end":{"line":171,"column":41}},"64":{"start":{"line":175,"column":4},"end":{"line":175,"column":38}},"65":{"start":{"line":179,"column":4},"end":{"line":179,"column":63}},"66":{"start":{"line":184,"column":4},"end":{"line":184,"column":39}},"67":{"start":{"line":185,"column":4},"end":{"line":191,"column":33}},"68":{"start":{"line":187,"column":8},"end":{"line":189,"column":9}},"69":{"start":{"line":188,"column":10},"end":{"line":188,"column":44}},"70":{"start":{"line":191,"column":18},"end":{"line":191,"column":31}},"71":{"start":{"line":195,"column":4},"end":{"line":201,"column":27}},"72":{"start":{"line":197,"column":8},"end":{"line":199,"column":9}},"73":{"start":{"line":198,"column":10},"end":{"line":198,"column":38}},"74":{"start":{"line":201,"column":18},"end":{"line":201,"column":25}},"75":{"start":{"line":205,"column":4},"end":{"line":205,"column":45}},"76":{"start":{"line":206,"column":4},"end":{"line":206,"column":60}},"77":{"start":{"line":207,"column":4},"end":{"line":209,"column":5}},"78":{"start":{"line":208,"column":6},"end":{"line":208,"column":33}},"79":{"start":{"line":210,"column":4},"end":{"line":212,"column":5}},"80":{"start":{"line":211,"column":6},"end":{"line":211,"column":45}},"81":{"start":{"line":216,"column":0},"end":{"line":216,"column":28}}},"branchMap":{"1":{"line":31,"type":"cond-expr","locations":[{"start":{"line":31,"column":49},"end":{"line":31,"column":81}},{"start":{"line":31,"column":84},"end":{"line":31,"column":120}}]},"2":{"line":72,"type":"cond-expr","locations":[{"start":{"line":72,"column":143},"end":{"line":72,"column":147}},{"start":{"line":72,"column":150},"end":{"line":72,"column":155}}]},"3":{"line":72,"type":"binary-expr","locations":[{"start":{"line":72,"column":11},"end":{"line":72,"column":21}},{"start":{"line":72,"column":25},"end":{"line":72,"column":42}},{"start":{"line":72,"column":47},"end":{"line":72,"column":90}},{"start":{"line":72,"column":94},"end":{"line":72,"column":139}}]},"4":{"line":76,"type":"cond-expr","locations":[{"start":{"line":76,"column":46},"end":{"line":76,"column":50}},{"start":{"line":76,"column":53},"end":{"line":76,"column":58}}]},"5":{"line":76,"type":"binary-expr","locations":[{"start":{"line":76,"column":11},"end":{"line":76,"column":22}},{"start":{"line":76,"column":26},"end":{"line":76,"column":43}}]},"6":{"line":81,"type":"if","locations":[{"start":{"line":81,"column":4},"end":{"line":81,"column":4}},{"start":{"line":81,"column":4},"end":{"line":81,"column":4}}]},"7":{"line":81,"type":"binary-expr","locations":[{"start":{"line":81,"column":7},"end":{"line":81,"column":18}},{"start":{"line":81,"column":22},"end":{"line":81,"column":44}}]},"8":{"line":94,"type":"cond-expr","locations":[{"start":{"line":95,"column":8},"end":{"line":95,"column":28}},{"start":{"line":96,"column":8},"end":{"line":96,"column":12}}]},"9":{"line":94,"type":"binary-expr","locations":[{"start":{"line":94,"column":30},"end":{"line":94,"column":47}},{"start":{"line":94,"column":51},"end":{"line":94,"column":79}}]},"10":{"line":98,"type":"if","locations":[{"start":{"line":98,"column":4},"end":{"line":98,"column":4}},{"start":{"line":98,"column":4},"end":{"line":98,"column":4}}]},"11":{"line":98,"type":"binary-expr","locations":[{"start":{"line":98,"column":7},"end":{"line":98,"column":17}},{"start":{"line":98,"column":21},"end":{"line":98,"column":33}},{"start":{"line":98,"column":37},"end":{"line":98,"column":74}}]},"12":{"line":102,"type":"if","locations":[{"start":{"line":102,"column":4},"end":{"line":102,"column":4}},{"start":{"line":102,"column":4},"end":{"line":102,"column":4}}]},"13":{"line":102,"type":"binary-expr","locations":[{"start":{"line":102,"column":7},"end":{"line":102,"column":22}},{"start":{"line":102,"column":26},"end":{"line":102,"column":50}},{"start":{"line":102,"column":54},"end":{"line":102,"column":114}}]},"14":{"line":106,"type":"if","locations":[{"start":{"line":106,"column":4},"end":{"line":106,"column":4}},{"start":{"line":106,"column":4},"end":{"line":106,"column":4}}]},"15":{"line":107,"type":"if","locations":[{"start":{"line":107,"column":6},"end":{"line":107,"column":6}},{"start":{"line":107,"column":6},"end":{"line":107,"column":6}}]},"16":{"line":107,"type":"binary-expr","locations":[{"start":{"line":107,"column":9},"end":{"line":107,"column":20}},{"start":{"line":107,"column":24},"end":{"line":107,"column":39}},{"start":{"line":107,"column":43},"end":{"line":107,"column":103}}]},"17":{"line":122,"type":"if","locations":[{"start":{"line":122,"column":4},"end":{"line":122,"column":4}},{"start":{"line":122,"column":4},"end":{"line":122,"column":4}}]},"18":{"line":129,"type":"cond-expr","locations":[{"start":{"line":130,"column":8},"end":{"line":130,"column":31}},{"start":{"line":131,"column":8},"end":{"line":131,"column":25}}]},"19":{"line":135,"type":"cond-expr","locations":[{"start":{"line":136,"column":8},"end":{"line":136,"column":30}},{"start":{"line":137,"column":8},"end":{"line":137,"column":25}}]},"20":{"line":141,"type":"cond-expr","locations":[{"start":{"line":142,"column":8},"end":{"line":142,"column":30}},{"start":{"line":143,"column":8},"end":{"line":143,"column":25}}]},"21":{"line":147,"type":"cond-expr","locations":[{"start":{"line":148,"column":8},"end":{"line":148,"column":44}},{"start":{"line":149,"column":8},"end":{"line":149,"column":25}}]},"22":{"line":153,"type":"cond-expr","locations":[{"start":{"line":154,"column":8},"end":{"line":154,"column":34}},{"start":{"line":155,"column":8},"end":{"line":155,"column":25}}]},"23":{"line":187,"type":"if","locations":[{"start":{"line":187,"column":8},"end":{"line":187,"column":8}},{"start":{"line":187,"column":8},"end":{"line":187,"column":8}}]},"24":{"line":197,"type":"if","locations":[{"start":{"line":197,"column":8},"end":{"line":197,"column":8}},{"start":{"line":197,"column":8},"end":{"line":197,"column":8}}]},"25":{"line":207,"type":"if","locations":[{"start":{"line":207,"column":4},"end":{"line":207,"column":4}},{"start":{"line":207,"column":4},"end":{"line":207,"column":4}}]},"26":{"line":210,"type":"if","locations":[{"start":{"line":210,"column":4},"end":{"line":210,"column":4}},{"start":{"line":210,"column":4},"end":{"line":210,"column":4}}]}},"code":["/* @flow weak */","'use strict';","","const Client = require('castv2-client').Client,","      DefaultMediaReceiver = require('castv2-client').DefaultMediaReceiver,","      Promise = require('bluebird'),","      mdns = require('mdns');","","const Events = require('events');","","class Chromecast extends Events","{","  constructor(chromecastConfig){","    super();","    console.log('Connecting to ' + chromecastConfig.name);","","    this.chromecastConfig = chromecastConfig;","    this.isConnected = false;","    this.applications = [];","","    this.connect();","  }","","  isGroup(){","    return this.chromecastConfig.txtRecord.md === 'Google Cast Group';","  }","","  static scan(cb){","    const sequence = [","        mdns.rst.DNSServiceResolve(),","        'DNSServiceGetAddrInfo' in mdns.dns_sd ? mdns.rst.DNSServiceGetAddrInfo() : mdns.rst.getaddrinfo({families:[0]}),","        mdns.rst.makeAddressesUnique()","    ];","","    const browser = mdns.createBrowser(mdns.tcp('googlecast'), { resolverSequence: sequence });","","    browser.on('serviceUp', chromecastConfig => {","      console.log('Added Chromecast \"%s\" at %s:%d', chromecastConfig.name, chromecastConfig.addresses[0], chromecastConfig.port);","","      const chromecast = new Chromecast(chromecastConfig);","","      cb(chromecast);","    });","","    browser.start();","  }","","  connect(){","    const host = this.chromecastConfig.host,","          port = this.chromecastConfig.port;","","    this.client = Promise.promisifyAll(new Client());","","    return this.client","      .connectAsync({","        host: host,","        port: port","      })","      .then(() => {","        this.client.on('status', status => this.onClientStatus(status));","        this.client.on('error', this.onClientError);","        this.client.connection.on('disconnect', this.onConnectionDisconnect);","        this.client.heartbeat.on('timeout', this.onHeartbeatTimeout);","        this.client.heartbeat.on('pong', this.onHeartbeatPong);","        this.client.receiver.on('status', this.onReceiverStatus);","        return this.client.getStatusAsync();","      })","      .then(status => this.onClientStatus(status));","  }","","  get isPlaying() {","    return this.media && this.media.status && (this.media.status.playerState === 'PLAYING' || this.media.status.playerState === 'BUFFERING') ? true : false;","  }","","  get isMuted() {","    return this.volume && this.volume.muted ? true : false;","  }","","  disconnect(){","    this.isConnected = false;","    if(this.client && this.client.closeAsync){","      this.client.closeAsync();","    }","  }","","  onClientStatus(status){","    console.log('CLIENT GOT STATUS: \\n' + JSON.stringify(status));","","    const oldApplication = this.currentApplication,","          oldVolume = this.volume;","","    this.volume = status.volume;","    this.applications = status.applications;","    this.currentApplication = this.applications && this.applications.length > 0","      ? this.applications[0]","      : null;","","    if(!oldVolume || !this.volume || oldVolume.muted !== this.volume.muted){","      this.emit('isMuted', this.volume.muted);","    }","","    if(!oldApplication || !this.currentApplication || oldApplication.statusId !== this.currentApplication.statusId){","      this.emit('currentApplication', this.currentApplication);","    }","","    if(this.currentApplication){","      if(!this.media || !oldApplication || this.currentApplication.statusId !== oldApplication.statusId){","        return this.client","          .joinAsync(this.currentApplication, DefaultMediaReceiver)","          .then(Promise.promisifyAll)","          .then(media => this.media = media)","          .then(media => {","            this.media.on('status', status => this.onMediaStatus(status));","            return this.media.getStatusAsync();","          })","          .then(status => this.onMediaStatus(status));","      }","    }","    else{","      this.media = null;","    }","    if(oldVolume !== this.volume){","      this.emit('volume', this.volume);","    }","    return Promise.resolve();","  }","","  pause(){","    return this.media","      ? this.media.pauseAsync()","      : Promise.resolve();","  }","","  play(){","    return this.media","      ? this.media.playAsync()","      : Promise.resolve();","  }","","  stop(){","    return this.media","      ? this.media.stopAsync()","      : Promise.resolve();","  }","","  load(media, options){","    return this.media","      ? this.media.loadAsync(media, options)","      : Promise.resolve();","  }","","  seek(time){","    return this.media","      ? this.media.seekAsync(time)","      : Promise.resolve();","  }","","  onClientError(error){","    console.log('CLIENT GOT ERROR: \\n' + JSON.stringify(error));","  }","  /*","  self.connection = self.createController(ConnectionController);","    self.heartbeat  = self.createController(HeartbeatController);","    self.receiver   = self.createController(ReceiverController);*/","  onConnectionDisconnect(){","    console.log('CONNECTION GOT DISCONNECT');","    this.isConnected = false;","  }","","  onHeartbeatTimeout(){","    console.log('GOT HEARTBEAT TIMEOUT');","  }","","  onHeartbeatPong(){","    console.log('GOT HEARTBEAT PONG');","  }","","  onReceiverStatus(status){","    console.log('RECEIVER STATUS:\\n' + JSON.stringify(status));","    //SAME AS CLIENT STATUS?","  }","","  setVolume(volume){","    const decimalVolume = volume / 100;","    return this.client.setVolumeAsync({ level: decimalVolume })","      .then(() => {","        if(this.volume){","          this.volume.level = decimalVolume;","        }","      })","      .then(() => decimalVolume);","  }","","  setMuted(isMuted){","    return this.client.setVolumeAsync({ muted: isMuted })","      .then(() => {","        if(this.volume){","          this.volume.muted = isMuted;","        }","      })","      .then(() => isMuted);","  }","","  onMediaStatus(status){","    const previousIsPlaying = this.isPlaying;","    console.log('MEDIA STATUS:\\n' + JSON.stringify(status));","    if(this.media){","      this.media.status = status;","    }","    if(previousIsPlaying !== this.isPlaying){","      this.emit('isPlaying', this.isPlaying);","    }","  }","}","","module.exports = Chromecast;",""],"l":{"4":4,"9":0,"14":0,"15":0,"17":0,"18":0,"19":0,"21":0,"25":0,"29":0,"35":0,"37":0,"38":0,"40":0,"42":0,"45":0,"49":0,"52":0,"54":0,"60":0,"61":0,"62":0,"63":0,"64":0,"65":0,"66":0,"68":0,"72":0,"76":0,"80":0,"81":0,"82":0,"87":0,"89":0,"92":0,"93":0,"94":0,"98":0,"99":0,"102":0,"103":0,"106":0,"107":0,"108":0,"111":0,"113":0,"114":0,"116":0,"120":0,"122":0,"123":0,"125":0,"129":0,"135":0,"141":0,"147":0,"153":0,"159":0,"166":0,"167":0,"171":0,"175":0,"179":0,"184":0,"185":0,"187":0,"188":0,"191":0,"195":0,"197":0,"198":0,"201":0,"205":0,"206":0,"207":0,"208":0,"210":0,"211":0,"216":0}},"/home/travis/build/npmtest/node-npmtest-homebridge-plugin-chromecast/node_modules/homebridge-plugin-chromecast/homekit-extensions.js":{"path":"/home/travis/build/npmtest/node-npmtest-homebridge-plugin-chromecast/node_modules/homebridge-plugin-chromecast/homekit-extensions.js","s":{"1":2,"2":0,"3":0,"4":0,"5":0,"6":0,"7":0,"8":0,"9":0,"10":0,"11":0,"12":0,"13":0,"14":0,"15":0,"16":0,"17":0,"18":0,"19":0,"20":0,"21":0,"22":0,"23":0,"24":0,"25":0,"26":0,"27":0,"28":0,"29":0,"30":0},"b":{},"f":{"1":0,"2":0,"3":0,"4":0},"fnMap":{"1":{"name":"(anonymous_1)","line":7,"loc":{"start":{"line":7,"column":15},"end":{"line":7,"column":26}}},"2":{"name":"(anonymous_2)","line":23,"loc":{"start":{"line":23,"column":19},"end":{"line":23,"column":30}}},"3":{"name":"(anonymous_3)","line":36,"loc":{"start":{"line":36,"column":16},"end":{"line":36,"column":27}}},"4":{"name":"(anonymous_4)","line":48,"loc":{"start":{"line":48,"column":24},"end":{"line":48,"column":55}}}},"statementMap":{"1":{"start":{"line":4,"column":0},"end":{"line":4,"column":60}},"2":{"start":{"line":6,"column":0},"end":{"line":6,"column":52}},"3":{"start":{"line":7,"column":0},"end":{"line":19,"column":2}},"4":{"start":{"line":8,"column":2},"end":{"line":8,"column":50}},"5":{"start":{"line":9,"column":2},"end":{"line":16,"column":5}},"6":{"start":{"line":17,"column":2},"end":{"line":17,"column":38}},"7":{"start":{"line":18,"column":2},"end":{"line":18,"column":14}},"8":{"start":{"line":20,"column":0},"end":{"line":20,"column":19}},"9":{"start":{"line":22,"column":0},"end":{"line":22,"column":62}},"10":{"start":{"line":23,"column":0},"end":{"line":32,"column":2}},"11":{"start":{"line":24,"column":2},"end":{"line":24,"column":65}},"12":{"start":{"line":26,"column":2},"end":{"line":29,"column":5}},"13":{"start":{"line":30,"column":2},"end":{"line":30,"column":38}},"14":{"start":{"line":31,"column":2},"end":{"line":31,"column":14}},"15":{"start":{"line":33,"column":0},"end":{"line":33,"column":33}},"16":{"start":{"line":35,"column":0},"end":{"line":35,"column":59}},"17":{"start":{"line":36,"column":0},"end":{"line":44,"column":2}},"18":{"start":{"line":37,"column":2},"end":{"line":37,"column":58}},"19":{"start":{"line":38,"column":2},"end":{"line":41,"column":5}},"20":{"start":{"line":42,"column":2},"end":{"line":42,"column":38}},"21":{"start":{"line":43,"column":2},"end":{"line":43,"column":14}},"22":{"start":{"line":45,"column":0},"end":{"line":45,"column":27}},"23":{"start":{"line":47,"column":0},"end":{"line":47,"column":67}},"24":{"start":{"line":48,"column":0},"end":{"line":55,"column":2}},"25":{"start":{"line":49,"column":2},"end":{"line":49,"column":70}},"26":{"start":{"line":51,"column":2},"end":{"line":51,"column":37}},"27":{"start":{"line":52,"column":2},"end":{"line":52,"column":34}},"28":{"start":{"line":54,"column":2},"end":{"line":54,"column":14}},"29":{"start":{"line":56,"column":0},"end":{"line":56,"column":43}},"30":{"start":{"line":58,"column":0},"end":{"line":67,"column":1}}},"branchMap":{},"code":["/* @flow weak */","'use strict';","","const Characteristic = require('hap-nodejs').Characteristic;","","const UUID = '00000008-0000-1000-8000-0026BB765296';","const Volume = function() {","  const char = new Characteristic('Volume', UUID);","  char.setProps({","    format: Characteristic.Formats.INT,","    unit: Characteristic.Units.PERCENTAGE,","    maxValue: 100,","    minValue: 0,","    minStep: 1,","    perms: [Characteristic.Perms.READ, Characteristic.Perms.WRITE, Characteristic.Perms.NOTIFY]","  });","  char.value = char.getDefaultValue();","  return char;","};","Volume.UUID = UUID;","","const NowPlayingUUID = '00000008-0000-1000-8000-0026BB765297';","const NowPlaying = function() {","  const char = new Characteristic('Now Playing', NowPlayingUUID);","","  char.setProps({","    format: Characteristic.Formats.STRING,","    perms: [Characteristic.Perms.READ]","  });","  char.value = char.getDefaultValue();","  return char;","};","NowPlaying.UUID = NowPlayingUUID;","","const PlayingUUID = '00000008-0000-1000-8000-0026BB765298';","const Playing = function() {","  const char = new Characteristic('Playing', PlayingUUID);","  char.setProps({","    format: Characteristic.Formats.BOOL,","    perms: [Characteristic.Perms.READ, Characteristic.Perms.WRITE, Characteristic.Perms.NOTIFY]","  });","  char.value = char.getDefaultValue();","  return char;","};","Playing.UUID = PlayingUUID;","","const MediaControllerUUID = '00000008-0000-1000-8000-0026BB765299';","const MediaController = function(displayName, subtype) {","  const char = new Service(displayName, MediaControllerUUID, subtype);","","  char.addCharacteristic(NowPlaying);","  char.addCharacteristic(Playing);","","  return char;","};","MediaController.UUID = MediaControllerUUID;","","module.exports = {","  Characteristic: {","    Volume: Volume,","    NowPlaying: NowPlaying,","    Playing: Playing","  },","  Service: {","    MediaController: MediaController","  }","}",""],"l":{"4":2,"6":0,"7":0,"8":0,"9":0,"17":0,"18":0,"20":0,"22":0,"23":0,"24":0,"26":0,"30":0,"31":0,"33":0,"35":0,"36":0,"37":0,"38":0,"42":0,"43":0,"45":0,"47":0,"48":0,"49":0,"51":0,"52":0,"54":0,"56":0,"58":0}}}